{"/home/fsegall/Desktop/Omni/GoStack11/desafio-06/desafio_06/dist/src/app.js": {"path":"/home/fsegall/Desktop/Omni/GoStack11/desafio-06/desafio_06/dist/src/app.js","statementMap":{"0":{"start":{"line":2,"column":22},"end":{"line":4,"column":1}},"1":{"start":{"line":3,"column":4},"end":{"line":3,"column":62}},"2":{"start":{"line":5,"column":0},"end":{"line":5,"column":62}},"3":{"start":{"line":6,"column":0},"end":{"line":6,"column":28}},"4":{"start":{"line":7,"column":0},"end":{"line":7,"column":25}},"5":{"start":{"line":8,"column":16},"end":{"line":8,"column":51}},"6":{"start":{"line":9,"column":0},"end":{"line":9,"column":32}},"7":{"start":{"line":10,"column":15},"end":{"line":10,"column":51}},"8":{"start":{"line":11,"column":17},"end":{"line":11,"column":62}},"9":{"start":{"line":12,"column":17},"end":{"line":12,"column":55}},"10":{"start":{"line":13,"column":0},"end":{"line":13,"column":21}},"11":{"start":{"line":14,"column":10},"end":{"line":14,"column":29}},"12":{"start":{"line":15,"column":0},"end":{"line":15,"column":34}},"13":{"start":{"line":16,"column":0},"end":{"line":16,"column":26}},"14":{"start":{"line":17,"column":0},"end":{"line":29,"column":3}},"15":{"start":{"line":18,"column":4},"end":{"line":23,"column":5}},"16":{"start":{"line":19,"column":8},"end":{"line":22,"column":11}},"17":{"start":{"line":24,"column":4},"end":{"line":24,"column":23}},"18":{"start":{"line":25,"column":4},"end":{"line":28,"column":7}},"19":{"start":{"line":30,"column":0},"end":{"line":30,"column":22}}},"fnMap":{"0":{"name":"(anonymous_0)","decl":{"start":{"line":2,"column":56},"end":{"line":2,"column":57}},"loc":{"start":{"line":2,"column":71},"end":{"line":4,"column":1}},"line":2},"1":{"name":"(anonymous_1)","decl":{"start":{"line":17,"column":8},"end":{"line":17,"column":9}},"loc":{"start":{"line":17,"column":45},"end":{"line":29,"column":1}},"line":17}},"branchMap":{"0":{"loc":{"start":{"line":2,"column":22},"end":{"line":4,"column":1}},"type":"binary-expr","locations":[{"start":{"line":2,"column":23},"end":{"line":2,"column":27}},{"start":{"line":2,"column":31},"end":{"line":2,"column":51}},{"start":{"line":2,"column":56},"end":{"line":4,"column":1}}],"line":2},"1":{"loc":{"start":{"line":3,"column":11},"end":{"line":3,"column":61}},"type":"cond-expr","locations":[{"start":{"line":3,"column":37},"end":{"line":3,"column":40}},{"start":{"line":3,"column":43},"end":{"line":3,"column":61}}],"line":3},"2":{"loc":{"start":{"line":3,"column":12},"end":{"line":3,"column":33}},"type":"binary-expr","locations":[{"start":{"line":3,"column":12},"end":{"line":3,"column":15}},{"start":{"line":3,"column":19},"end":{"line":3,"column":33}}],"line":3},"3":{"loc":{"start":{"line":18,"column":4},"end":{"line":23,"column":5}},"type":"if","locations":[{"start":{"line":18,"column":4},"end":{"line":23,"column":5}},{"start":{"line":18,"column":4},"end":{"line":23,"column":5}}],"line":18}},"s":{"0":1,"1":4,"2":1,"3":1,"4":1,"5":1,"6":1,"7":1,"8":1,"9":1,"10":1,"11":1,"12":1,"13":1,"14":1,"15":6,"16":0,"17":6,"18":6,"19":1},"f":{"0":4,"1":6},"b":{"0":[1,1,1],"1":[3,1],"2":[4,4],"3":[0,6]},"_coverageSchema":"1a1c01bbd47fc00a2c39e90264f33305004495a9","hash":"3a5b5ba778eb1269ed1b66e4eb946bcb0be5c125"}
,"/home/fsegall/Desktop/Omni/GoStack11/desafio-06/desafio_06/dist/src/database/index.js": {"path":"/home/fsegall/Desktop/Omni/GoStack11/desafio-06/desafio_06/dist/src/database/index.js","statementMap":{"0":{"start":{"line":2,"column":16},"end":{"line":10,"column":1}},"1":{"start":{"line":3,"column":28},"end":{"line":3,"column":110}},"2":{"start":{"line":3,"column":91},"end":{"line":3,"column":106}},"3":{"start":{"line":4,"column":4},"end":{"line":9,"column":7}},"4":{"start":{"line":5,"column":36},"end":{"line":5,"column":97}},"5":{"start":{"line":5,"column":42},"end":{"line":5,"column":70}},"6":{"start":{"line":5,"column":85},"end":{"line":5,"column":95}},"7":{"start":{"line":6,"column":35},"end":{"line":6,"column":100}},"8":{"start":{"line":6,"column":41},"end":{"line":6,"column":73}},"9":{"start":{"line":6,"column":88},"end":{"line":6,"column":98}},"10":{"start":{"line":7,"column":32},"end":{"line":7,"column":116}},"11":{"start":{"line":8,"column":8},"end":{"line":8,"column":78}},"12":{"start":{"line":11,"column":18},"end":{"line":37,"column":1}},"13":{"start":{"line":12,"column":12},"end":{"line":12,"column":104}},"14":{"start":{"line":12,"column":43},"end":{"line":12,"column":68}},"15":{"start":{"line":12,"column":57},"end":{"line":12,"column":68}},"16":{"start":{"line":12,"column":69},"end":{"line":12,"column":81}},"17":{"start":{"line":13,"column":4},"end":{"line":13,"column":157}},"18":{"start":{"line":13,"column":138},"end":{"line":13,"column":150}},"19":{"start":{"line":14,"column":23},"end":{"line":14,"column":68}},"20":{"start":{"line":14,"column":45},"end":{"line":14,"column":65}},"21":{"start":{"line":16,"column":8},"end":{"line":16,"column":70}},"22":{"start":{"line":16,"column":15},"end":{"line":16,"column":70}},"23":{"start":{"line":17,"column":8},"end":{"line":34,"column":66}},"24":{"start":{"line":17,"column":18},"end":{"line":34,"column":66}},"25":{"start":{"line":18,"column":12},"end":{"line":18,"column":169}},"26":{"start":{"line":18,"column":160},"end":{"line":18,"column":169}},"27":{"start":{"line":19,"column":12},"end":{"line":19,"column":52}},"28":{"start":{"line":19,"column":26},"end":{"line":19,"column":52}},"29":{"start":{"line":20,"column":12},"end":{"line":32,"column":13}},"30":{"start":{"line":21,"column":32},"end":{"line":21,"column":39}},"31":{"start":{"line":21,"column":40},"end":{"line":21,"column":46}},"32":{"start":{"line":22,"column":24},"end":{"line":22,"column":34}},"33":{"start":{"line":22,"column":35},"end":{"line":22,"column":72}},"34":{"start":{"line":23,"column":24},"end":{"line":23,"column":34}},"35":{"start":{"line":23,"column":35},"end":{"line":23,"column":45}},"36":{"start":{"line":23,"column":46},"end":{"line":23,"column":55}},"37":{"start":{"line":23,"column":56},"end":{"line":23,"column":65}},"38":{"start":{"line":24,"column":24},"end":{"line":24,"column":41}},"39":{"start":{"line":24,"column":42},"end":{"line":24,"column":55}},"40":{"start":{"line":24,"column":56},"end":{"line":24,"column":65}},"41":{"start":{"line":26,"column":20},"end":{"line":26,"column":128}},"42":{"start":{"line":26,"column":110},"end":{"line":26,"column":116}},"43":{"start":{"line":26,"column":117},"end":{"line":26,"column":126}},"44":{"start":{"line":27,"column":20},"end":{"line":27,"column":106}},"45":{"start":{"line":27,"column":81},"end":{"line":27,"column":97}},"46":{"start":{"line":27,"column":98},"end":{"line":27,"column":104}},"47":{"start":{"line":28,"column":20},"end":{"line":28,"column":89}},"48":{"start":{"line":28,"column":57},"end":{"line":28,"column":72}},"49":{"start":{"line":28,"column":73},"end":{"line":28,"column":80}},"50":{"start":{"line":28,"column":81},"end":{"line":28,"column":87}},"51":{"start":{"line":29,"column":20},"end":{"line":29,"column":87}},"52":{"start":{"line":29,"column":47},"end":{"line":29,"column":62}},"53":{"start":{"line":29,"column":63},"end":{"line":29,"column":78}},"54":{"start":{"line":29,"column":79},"end":{"line":29,"column":85}},"55":{"start":{"line":30,"column":20},"end":{"line":30,"column":42}},"56":{"start":{"line":30,"column":30},"end":{"line":30,"column":42}},"57":{"start":{"line":31,"column":20},"end":{"line":31,"column":33}},"58":{"start":{"line":31,"column":34},"end":{"line":31,"column":43}},"59":{"start":{"line":33,"column":12},"end":{"line":33,"column":39}},"60":{"start":{"line":34,"column":22},"end":{"line":34,"column":34}},"61":{"start":{"line":34,"column":35},"end":{"line":34,"column":41}},"62":{"start":{"line":34,"column":54},"end":{"line":34,"column":64}},"63":{"start":{"line":35,"column":8},"end":{"line":35,"column":35}},"64":{"start":{"line":35,"column":23},"end":{"line":35,"column":35}},"65":{"start":{"line":35,"column":36},"end":{"line":35,"column":89}},"66":{"start":{"line":38,"column":0},"end":{"line":38,"column":62}},"67":{"start":{"line":39,"column":16},"end":{"line":39,"column":34}},"68":{"start":{"line":40,"column":0},"end":{"line":58,"column":3}},"69":{"start":{"line":41,"column":4},"end":{"line":41,"column":46}},"70":{"start":{"line":41,"column":27},"end":{"line":41,"column":44}},"71":{"start":{"line":42,"column":4},"end":{"line":57,"column":7}},"72":{"start":{"line":44,"column":8},"end":{"line":56,"column":11}},"73":{"start":{"line":45,"column":12},"end":{"line":55,"column":13}},"74":{"start":{"line":46,"column":24},"end":{"line":46,"column":79}},"75":{"start":{"line":48,"column":20},"end":{"line":48,"column":47}},"76":{"start":{"line":49,"column":20},"end":{"line":54,"column":29}}},"fnMap":{"0":{"name":"(anonymous_0)","decl":{"start":{"line":2,"column":44},"end":{"line":2,"column":45}},"loc":{"start":{"line":2,"column":89},"end":{"line":10,"column":1}},"line":2},"1":{"name":"adopt","decl":{"start":{"line":3,"column":13},"end":{"line":3,"column":18}},"loc":{"start":{"line":3,"column":26},"end":{"line":3,"column":112}},"line":3},"2":{"name":"(anonymous_2)","decl":{"start":{"line":3,"column":70},"end":{"line":3,"column":71}},"loc":{"start":{"line":3,"column":89},"end":{"line":3,"column":108}},"line":3},"3":{"name":"(anonymous_3)","decl":{"start":{"line":4,"column":36},"end":{"line":4,"column":37}},"loc":{"start":{"line":4,"column":63},"end":{"line":9,"column":5}},"line":4},"4":{"name":"fulfilled","decl":{"start":{"line":5,"column":17},"end":{"line":5,"column":26}},"loc":{"start":{"line":5,"column":34},"end":{"line":5,"column":99}},"line":5},"5":{"name":"rejected","decl":{"start":{"line":6,"column":17},"end":{"line":6,"column":25}},"loc":{"start":{"line":6,"column":33},"end":{"line":6,"column":102}},"line":6},"6":{"name":"step","decl":{"start":{"line":7,"column":17},"end":{"line":7,"column":21}},"loc":{"start":{"line":7,"column":30},"end":{"line":7,"column":118}},"line":7},"7":{"name":"(anonymous_7)","decl":{"start":{"line":11,"column":48},"end":{"line":11,"column":49}},"loc":{"start":{"line":11,"column":73},"end":{"line":37,"column":1}},"line":11},"8":{"name":"(anonymous_8)","decl":{"start":{"line":12,"column":30},"end":{"line":12,"column":31}},"loc":{"start":{"line":12,"column":41},"end":{"line":12,"column":83}},"line":12},"9":{"name":"(anonymous_9)","decl":{"start":{"line":13,"column":125},"end":{"line":13,"column":126}},"loc":{"start":{"line":13,"column":136},"end":{"line":13,"column":152}},"line":13},"10":{"name":"verb","decl":{"start":{"line":14,"column":13},"end":{"line":14,"column":17}},"loc":{"start":{"line":14,"column":21},"end":{"line":14,"column":70}},"line":14},"11":{"name":"(anonymous_11)","decl":{"start":{"line":14,"column":30},"end":{"line":14,"column":31}},"loc":{"start":{"line":14,"column":43},"end":{"line":14,"column":67}},"line":14},"12":{"name":"step","decl":{"start":{"line":15,"column":13},"end":{"line":15,"column":17}},"loc":{"start":{"line":15,"column":22},"end":{"line":36,"column":5}},"line":15},"13":{"name":"(anonymous_13)","decl":{"start":{"line":40,"column":19},"end":{"line":40,"column":20}},"loc":{"start":{"line":40,"column":35},"end":{"line":58,"column":1}},"line":40},"14":{"name":"(anonymous_14)","decl":{"start":{"line":42,"column":45},"end":{"line":42,"column":46}},"loc":{"start":{"line":42,"column":57},"end":{"line":57,"column":5}},"line":42},"15":{"name":"(anonymous_15)","decl":{"start":{"line":44,"column":33},"end":{"line":44,"column":34}},"loc":{"start":{"line":44,"column":47},"end":{"line":56,"column":9}},"line":44}},"branchMap":{"0":{"loc":{"start":{"line":2,"column":16},"end":{"line":10,"column":1}},"type":"binary-expr","locations":[{"start":{"line":2,"column":17},"end":{"line":2,"column":21}},{"start":{"line":2,"column":25},"end":{"line":2,"column":39}},{"start":{"line":2,"column":44},"end":{"line":10,"column":1}}],"line":2},"1":{"loc":{"start":{"line":3,"column":35},"end":{"line":3,"column":109}},"type":"cond-expr","locations":[{"start":{"line":3,"column":56},"end":{"line":3,"column":61}},{"start":{"line":3,"column":64},"end":{"line":3,"column":109}}],"line":3},"2":{"loc":{"start":{"line":4,"column":16},"end":{"line":4,"column":34}},"type":"binary-expr","locations":[{"start":{"line":4,"column":16},"end":{"line":4,"column":17}},{"start":{"line":4,"column":22},"end":{"line":4,"column":33}}],"line":4},"3":{"loc":{"start":{"line":7,"column":32},"end":{"line":7,"column":115}},"type":"cond-expr","locations":[{"start":{"line":7,"column":46},"end":{"line":7,"column":67}},{"start":{"line":7,"column":70},"end":{"line":7,"column":115}}],"line":7},"4":{"loc":{"start":{"line":8,"column":51},"end":{"line":8,"column":67}},"type":"binary-expr","locations":[{"start":{"line":8,"column":51},"end":{"line":8,"column":61}},{"start":{"line":8,"column":65},"end":{"line":8,"column":67}}],"line":8},"5":{"loc":{"start":{"line":11,"column":18},"end":{"line":37,"column":1}},"type":"binary-expr","locations":[{"start":{"line":11,"column":19},"end":{"line":11,"column":23}},{"start":{"line":11,"column":27},"end":{"line":11,"column":43}},{"start":{"line":11,"column":48},"end":{"line":37,"column":1}}],"line":11},"6":{"loc":{"start":{"line":12,"column":43},"end":{"line":12,"column":68}},"type":"if","locations":[{"start":{"line":12,"column":43},"end":{"line":12,"column":68}},{"start":{"line":12,"column":43},"end":{"line":12,"column":68}}],"line":12},"7":{"loc":{"start":{"line":13,"column":71},"end":{"line":13,"column":153}},"type":"binary-expr","locations":[{"start":{"line":13,"column":71},"end":{"line":13,"column":99}},{"start":{"line":13,"column":104},"end":{"line":13,"column":152}}],"line":13},"8":{"loc":{"start":{"line":16,"column":8},"end":{"line":16,"column":70}},"type":"if","locations":[{"start":{"line":16,"column":8},"end":{"line":16,"column":70}},{"start":{"line":16,"column":8},"end":{"line":16,"column":70}}],"line":16},"9":{"loc":{"start":{"line":18,"column":12},"end":{"line":18,"column":169}},"type":"if","locations":[{"start":{"line":18,"column":12},"end":{"line":18,"column":169}},{"start":{"line":18,"column":12},"end":{"line":18,"column":169}}],"line":18},"10":{"loc":{"start":{"line":18,"column":23},"end":{"line":18,"column":158}},"type":"binary-expr","locations":[{"start":{"line":18,"column":23},"end":{"line":18,"column":24}},{"start":{"line":18,"column":29},"end":{"line":18,"column":125}},{"start":{"line":18,"column":130},"end":{"line":18,"column":158}}],"line":18},"11":{"loc":{"start":{"line":18,"column":33},"end":{"line":18,"column":125}},"type":"cond-expr","locations":[{"start":{"line":18,"column":45},"end":{"line":18,"column":56}},{"start":{"line":18,"column":59},"end":{"line":18,"column":125}}],"line":18},"12":{"loc":{"start":{"line":18,"column":59},"end":{"line":18,"column":125}},"type":"cond-expr","locations":[{"start":{"line":18,"column":67},"end":{"line":18,"column":116}},{"start":{"line":18,"column":119},"end":{"line":18,"column":125}}],"line":18},"13":{"loc":{"start":{"line":18,"column":67},"end":{"line":18,"column":116}},"type":"binary-expr","locations":[{"start":{"line":18,"column":67},"end":{"line":18,"column":77}},{"start":{"line":18,"column":82},"end":{"line":18,"column":115}}],"line":18},"14":{"loc":{"start":{"line":18,"column":82},"end":{"line":18,"column":112}},"type":"binary-expr","locations":[{"start":{"line":18,"column":83},"end":{"line":18,"column":98}},{"start":{"line":18,"column":103},"end":{"line":18,"column":112}}],"line":18},"15":{"loc":{"start":{"line":19,"column":12},"end":{"line":19,"column":52}},"type":"if","locations":[{"start":{"line":19,"column":12},"end":{"line":19,"column":52}},{"start":{"line":19,"column":12},"end":{"line":19,"column":52}}],"line":19},"16":{"loc":{"start":{"line":20,"column":12},"end":{"line":32,"column":13}},"type":"switch","locations":[{"start":{"line":21,"column":16},"end":{"line":21,"column":23}},{"start":{"line":21,"column":24},"end":{"line":21,"column":46}},{"start":{"line":22,"column":16},"end":{"line":22,"column":72}},{"start":{"line":23,"column":16},"end":{"line":23,"column":65}},{"start":{"line":24,"column":16},"end":{"line":24,"column":65}},{"start":{"line":25,"column":16},"end":{"line":31,"column":43}}],"line":20},"17":{"loc":{"start":{"line":26,"column":20},"end":{"line":26,"column":128}},"type":"if","locations":[{"start":{"line":26,"column":20},"end":{"line":26,"column":128}},{"start":{"line":26,"column":20},"end":{"line":26,"column":128}}],"line":26},"18":{"loc":{"start":{"line":26,"column":24},"end":{"line":26,"column":106}},"type":"binary-expr","locations":[{"start":{"line":26,"column":24},"end":{"line":26,"column":74}},{"start":{"line":26,"column":79},"end":{"line":26,"column":90}},{"start":{"line":26,"column":94},"end":{"line":26,"column":105}}],"line":26},"19":{"loc":{"start":{"line":26,"column":42},"end":{"line":26,"column":73}},"type":"binary-expr","locations":[{"start":{"line":26,"column":42},"end":{"line":26,"column":54}},{"start":{"line":26,"column":58},"end":{"line":26,"column":73}}],"line":26},"20":{"loc":{"start":{"line":27,"column":20},"end":{"line":27,"column":106}},"type":"if","locations":[{"start":{"line":27,"column":20},"end":{"line":27,"column":106}},{"start":{"line":27,"column":20},"end":{"line":27,"column":106}}],"line":27},"21":{"loc":{"start":{"line":27,"column":24},"end":{"line":27,"column":77}},"type":"binary-expr","locations":[{"start":{"line":27,"column":24},"end":{"line":27,"column":35}},{"start":{"line":27,"column":40},"end":{"line":27,"column":42}},{"start":{"line":27,"column":47},"end":{"line":27,"column":59}},{"start":{"line":27,"column":63},"end":{"line":27,"column":75}}],"line":27},"22":{"loc":{"start":{"line":28,"column":20},"end":{"line":28,"column":89}},"type":"if","locations":[{"start":{"line":28,"column":20},"end":{"line":28,"column":89}},{"start":{"line":28,"column":20},"end":{"line":28,"column":89}}],"line":28},"23":{"loc":{"start":{"line":28,"column":24},"end":{"line":28,"column":53}},"type":"binary-expr","locations":[{"start":{"line":28,"column":24},"end":{"line":28,"column":35}},{"start":{"line":28,"column":39},"end":{"line":28,"column":53}}],"line":28},"24":{"loc":{"start":{"line":29,"column":20},"end":{"line":29,"column":87}},"type":"if","locations":[{"start":{"line":29,"column":20},"end":{"line":29,"column":87}},{"start":{"line":29,"column":20},"end":{"line":29,"column":87}}],"line":29},"25":{"loc":{"start":{"line":29,"column":24},"end":{"line":29,"column":43}},"type":"binary-expr","locations":[{"start":{"line":29,"column":24},"end":{"line":29,"column":25}},{"start":{"line":29,"column":29},"end":{"line":29,"column":43}}],"line":29},"26":{"loc":{"start":{"line":30,"column":20},"end":{"line":30,"column":42}},"type":"if","locations":[{"start":{"line":30,"column":20},"end":{"line":30,"column":42}},{"start":{"line":30,"column":20},"end":{"line":30,"column":42}}],"line":30},"27":{"loc":{"start":{"line":35,"column":8},"end":{"line":35,"column":35}},"type":"if","locations":[{"start":{"line":35,"column":8},"end":{"line":35,"column":35}},{"start":{"line":35,"column":8},"end":{"line":35,"column":35}}],"line":35},"28":{"loc":{"start":{"line":35,"column":52},"end":{"line":35,"column":74}},"type":"cond-expr","locations":[{"start":{"line":35,"column":60},"end":{"line":35,"column":65}},{"start":{"line":35,"column":68},"end":{"line":35,"column":74}}],"line":35},"29":{"loc":{"start":{"line":41,"column":4},"end":{"line":41,"column":46}},"type":"if","locations":[{"start":{"line":41,"column":4},"end":{"line":41,"column":46}},{"start":{"line":41,"column":4},"end":{"line":41,"column":46}}],"line":41},"30":{"loc":{"start":{"line":45,"column":12},"end":{"line":55,"column":13}},"type":"switch","locations":[{"start":{"line":46,"column":16},"end":{"line":46,"column":79}},{"start":{"line":47,"column":16},"end":{"line":54,"column":29}}],"line":45},"31":{"loc":{"start":{"line":51,"column":38},"end":{"line":53,"column":57}},"type":"cond-expr","locations":[{"start":{"line":52,"column":34},"end":{"line":52,"column":59}},{"start":{"line":53,"column":34},"end":{"line":53,"column":57}}],"line":51}},"s":{"0":1,"1":2,"2":0,"3":2,"4":2,"5":2,"6":0,"7":0,"8":0,"9":0,"10":4,"11":2,"12":1,"13":2,"14":2,"15":0,"16":2,"17":2,"18":0,"19":6,"20":4,"21":4,"22":0,"23":4,"24":8,"25":8,"26":0,"27":8,"28":0,"29":8,"30":4,"31":4,"32":2,"33":2,"34":0,"35":0,"36":0,"37":0,"38":0,"39":0,"40":0,"41":2,"42":2,"43":2,"44":0,"45":0,"46":0,"47":0,"48":0,"49":0,"50":0,"51":0,"52":0,"53":0,"54":0,"55":0,"56":0,"57":0,"58":0,"59":4,"60":0,"61":0,"62":8,"63":2,"64":0,"65":2,"66":1,"67":1,"68":1,"69":2,"70":1,"71":2,"72":2,"73":4,"74":2,"75":2,"76":2},"f":{"0":2,"1":2,"2":0,"3":2,"4":2,"5":0,"6":4,"7":2,"8":2,"9":0,"10":6,"11":4,"12":4,"13":2,"14":2,"15":4},"b":{"0":[1,1,1],"1":[2,0],"2":[2,2],"3":[2,2],"4":[2,2],"5":[1,1,1],"6":[0,2],"7":[2,2],"8":[0,4],"9":[0,8],"10":[8,0,0],"11":[0,0],"12":[0,0],"13":[0,0],"14":[0,0],"15":[0,8],"16":[4,4,2,0,0,2],"17":[2,0],"18":[2,2,2],"19":[2,0],"20":[0,0],"21":[0,0,0,0],"22":[0,0],"23":[0,0],"24":[0,0],"25":[0,0],"26":[0,0],"27":[0,2],"28":[2,0],"29":[1,1],"30":[2,2],"31":[2,0]},"_coverageSchema":"1a1c01bbd47fc00a2c39e90264f33305004495a9","hash":"944c1d14f9a9a8728b152b0e1c8a8f1d4a08a905"}
,"/home/fsegall/Desktop/Omni/GoStack11/desafio-06/desafio_06/dist/src/errors/AppError.js": {"path":"/home/fsegall/Desktop/Omni/GoStack11/desafio-06/desafio_06/dist/src/errors/AppError.js","statementMap":{"0":{"start":{"line":2,"column":0},"end":{"line":2,"column":62}},"1":{"start":{"line":3,"column":30},"end":{"line":10,"column":3}},"2":{"start":{"line":5,"column":8},"end":{"line":5,"column":56}},"3":{"start":{"line":5,"column":37},"end":{"line":5,"column":54}},"4":{"start":{"line":6,"column":8},"end":{"line":6,"column":31}},"5":{"start":{"line":7,"column":8},"end":{"line":7,"column":37}},"6":{"start":{"line":9,"column":4},"end":{"line":9,"column":20}},"7":{"start":{"line":11,"column":0},"end":{"line":11,"column":27}}},"fnMap":{"0":{"name":"(anonymous_0)","decl":{"start":{"line":3,"column":30},"end":{"line":3,"column":31}},"loc":{"start":{"line":3,"column":42},"end":{"line":10,"column":1}},"line":3},"1":{"name":"AppError","decl":{"start":{"line":4,"column":13},"end":{"line":4,"column":21}},"loc":{"start":{"line":4,"column":43},"end":{"line":8,"column":5}},"line":4}},"branchMap":{"0":{"loc":{"start":{"line":5,"column":8},"end":{"line":5,"column":56}},"type":"if","locations":[{"start":{"line":5,"column":8},"end":{"line":5,"column":56}},{"start":{"line":5,"column":8},"end":{"line":5,"column":56}}],"line":5}},"s":{"0":1,"1":1,"2":0,"3":0,"4":0,"5":0,"6":1,"7":1},"f":{"0":1,"1":0},"b":{"0":[0,0]},"_coverageSchema":"1a1c01bbd47fc00a2c39e90264f33305004495a9","hash":"0e4e71a3ccc2ac411ed0290aacf29f83cbeba836"}
,"/home/fsegall/Desktop/Omni/GoStack11/desafio-06/desafio_06/dist/src/models/Category.js": {"path":"/home/fsegall/Desktop/Omni/GoStack11/desafio-06/desafio_06/dist/src/models/Category.js","statementMap":{"0":{"start":{"line":2,"column":17},"end":{"line":7,"column":1}},"1":{"start":{"line":3,"column":12},"end":{"line":3,"column":28}},"2":{"start":{"line":3,"column":34},"end":{"line":3,"column":125}},"3":{"start":{"line":4,"column":4},"end":{"line":5,"column":150}},"4":{"start":{"line":4,"column":79},"end":{"line":4,"column":131}},"5":{"start":{"line":5,"column":9},"end":{"line":5,"column":150}},"6":{"start":{"line":5,"column":22},"end":{"line":5,"column":43}},"7":{"start":{"line":5,"column":58},"end":{"line":5,"column":150}},"8":{"start":{"line":5,"column":81},"end":{"line":5,"column":150}},"9":{"start":{"line":6,"column":4},"end":{"line":6,"column":66}},"10":{"start":{"line":8,"column":17},"end":{"line":10,"column":1}},"11":{"start":{"line":9,"column":4},"end":{"line":9,"column":109}},"12":{"start":{"line":9,"column":79},"end":{"line":9,"column":109}},"13":{"start":{"line":11,"column":0},"end":{"line":11,"column":62}},"14":{"start":{"line":12,"column":16},"end":{"line":12,"column":34}},"15":{"start":{"line":13,"column":30},"end":{"line":36,"column":3}},"16":{"start":{"line":16,"column":4},"end":{"line":19,"column":41}},"17":{"start":{"line":20,"column":4},"end":{"line":23,"column":44}},"18":{"start":{"line":24,"column":4},"end":{"line":27,"column":49}},"19":{"start":{"line":28,"column":4},"end":{"line":31,"column":49}},"20":{"start":{"line":32,"column":4},"end":{"line":34,"column":17}},"21":{"start":{"line":35,"column":4},"end":{"line":35,"column":20}},"22":{"start":{"line":37,"column":0},"end":{"line":37,"column":27}}},"fnMap":{"0":{"name":"(anonymous_0)","decl":{"start":{"line":2,"column":46},"end":{"line":2,"column":47}},"loc":{"start":{"line":2,"column":87},"end":{"line":7,"column":1}},"line":2},"1":{"name":"(anonymous_1)","decl":{"start":{"line":8,"column":46},"end":{"line":8,"column":47}},"loc":{"start":{"line":8,"column":62},"end":{"line":10,"column":1}},"line":8},"2":{"name":"(anonymous_2)","decl":{"start":{"line":13,"column":30},"end":{"line":13,"column":31}},"loc":{"start":{"line":13,"column":42},"end":{"line":36,"column":1}},"line":13},"3":{"name":"Category","decl":{"start":{"line":14,"column":13},"end":{"line":14,"column":21}},"loc":{"start":{"line":14,"column":24},"end":{"line":15,"column":5}},"line":14}},"branchMap":{"0":{"loc":{"start":{"line":2,"column":17},"end":{"line":7,"column":1}},"type":"binary-expr","locations":[{"start":{"line":2,"column":18},"end":{"line":2,"column":22}},{"start":{"line":2,"column":26},"end":{"line":2,"column":41}},{"start":{"line":2,"column":46},"end":{"line":7,"column":1}}],"line":2},"1":{"loc":{"start":{"line":3,"column":34},"end":{"line":3,"column":125}},"type":"cond-expr","locations":[{"start":{"line":3,"column":42},"end":{"line":3,"column":48}},{"start":{"line":3,"column":51},"end":{"line":3,"column":125}}],"line":3},"2":{"loc":{"start":{"line":3,"column":51},"end":{"line":3,"column":125}},"type":"cond-expr","locations":[{"start":{"line":3,"column":67},"end":{"line":3,"column":118}},{"start":{"line":3,"column":121},"end":{"line":3,"column":125}}],"line":3},"3":{"loc":{"start":{"line":4,"column":4},"end":{"line":5,"column":150}},"type":"if","locations":[{"start":{"line":4,"column":4},"end":{"line":5,"column":150}},{"start":{"line":4,"column":4},"end":{"line":5,"column":150}}],"line":4},"4":{"loc":{"start":{"line":4,"column":8},"end":{"line":4,"column":77}},"type":"binary-expr","locations":[{"start":{"line":4,"column":8},"end":{"line":4,"column":35}},{"start":{"line":4,"column":39},"end":{"line":4,"column":77}}],"line":4},"5":{"loc":{"start":{"line":5,"column":58},"end":{"line":5,"column":150}},"type":"if","locations":[{"start":{"line":5,"column":58},"end":{"line":5,"column":150}},{"start":{"line":5,"column":58},"end":{"line":5,"column":150}}],"line":5},"6":{"loc":{"start":{"line":5,"column":85},"end":{"line":5,"column":149}},"type":"binary-expr","locations":[{"start":{"line":5,"column":86},"end":{"line":5,"column":143}},{"start":{"line":5,"column":148},"end":{"line":5,"column":149}}],"line":5},"7":{"loc":{"start":{"line":5,"column":86},"end":{"line":5,"column":143}},"type":"cond-expr","locations":[{"start":{"line":5,"column":94},"end":{"line":5,"column":98}},{"start":{"line":5,"column":101},"end":{"line":5,"column":143}}],"line":5},"8":{"loc":{"start":{"line":5,"column":101},"end":{"line":5,"column":143}},"type":"cond-expr","locations":[{"start":{"line":5,"column":109},"end":{"line":5,"column":126}},{"start":{"line":5,"column":129},"end":{"line":5,"column":143}}],"line":5},"9":{"loc":{"start":{"line":6,"column":11},"end":{"line":6,"column":62}},"type":"binary-expr","locations":[{"start":{"line":6,"column":11},"end":{"line":6,"column":16}},{"start":{"line":6,"column":20},"end":{"line":6,"column":21}},{"start":{"line":6,"column":25},"end":{"line":6,"column":62}}],"line":6},"10":{"loc":{"start":{"line":8,"column":17},"end":{"line":10,"column":1}},"type":"binary-expr","locations":[{"start":{"line":8,"column":18},"end":{"line":8,"column":22}},{"start":{"line":8,"column":26},"end":{"line":8,"column":41}},{"start":{"line":8,"column":46},"end":{"line":10,"column":1}}],"line":8},"11":{"loc":{"start":{"line":9,"column":4},"end":{"line":9,"column":109}},"type":"if","locations":[{"start":{"line":9,"column":4},"end":{"line":9,"column":109}},{"start":{"line":9,"column":4},"end":{"line":9,"column":109}}],"line":9},"12":{"loc":{"start":{"line":9,"column":8},"end":{"line":9,"column":77}},"type":"binary-expr","locations":[{"start":{"line":9,"column":8},"end":{"line":9,"column":35}},{"start":{"line":9,"column":39},"end":{"line":9,"column":77}}],"line":9}},"s":{"0":1,"1":5,"2":5,"3":5,"4":5,"5":0,"6":0,"7":0,"8":0,"9":5,"10":1,"11":4,"12":4,"13":1,"14":1,"15":1,"16":1,"17":1,"18":1,"19":1,"20":1,"21":1,"22":1},"f":{"0":5,"1":4,"2":1,"3":0},"b":{"0":[1,1,1],"1":[1,4],"2":[0,4],"3":[5,0],"4":[5,5],"5":[0,0],"6":[0,0],"7":[0,0],"8":[0,0],"9":[5,4,0],"10":[1,1,1],"11":[4,0],"12":[4,4]},"_coverageSchema":"1a1c01bbd47fc00a2c39e90264f33305004495a9","hash":"47c8d3ab4cbfe6ef2db79ead55b6d731f829160f"}
,"/home/fsegall/Desktop/Omni/GoStack11/desafio-06/desafio_06/dist/src/models/Transaction.js": {"path":"/home/fsegall/Desktop/Omni/GoStack11/desafio-06/desafio_06/dist/src/models/Transaction.js","statementMap":{"0":{"start":{"line":2,"column":17},"end":{"line":7,"column":1}},"1":{"start":{"line":3,"column":12},"end":{"line":3,"column":28}},"2":{"start":{"line":3,"column":34},"end":{"line":3,"column":125}},"3":{"start":{"line":4,"column":4},"end":{"line":5,"column":150}},"4":{"start":{"line":4,"column":79},"end":{"line":4,"column":131}},"5":{"start":{"line":5,"column":9},"end":{"line":5,"column":150}},"6":{"start":{"line":5,"column":22},"end":{"line":5,"column":43}},"7":{"start":{"line":5,"column":58},"end":{"line":5,"column":150}},"8":{"start":{"line":5,"column":81},"end":{"line":5,"column":150}},"9":{"start":{"line":6,"column":4},"end":{"line":6,"column":66}},"10":{"start":{"line":8,"column":17},"end":{"line":10,"column":1}},"11":{"start":{"line":9,"column":4},"end":{"line":9,"column":109}},"12":{"start":{"line":9,"column":79},"end":{"line":9,"column":109}},"13":{"start":{"line":11,"column":22},"end":{"line":13,"column":1}},"14":{"start":{"line":12,"column":4},"end":{"line":12,"column":62}},"15":{"start":{"line":14,"column":0},"end":{"line":14,"column":62}},"16":{"start":{"line":15,"column":16},"end":{"line":15,"column":34}},"17":{"start":{"line":16,"column":17},"end":{"line":16,"column":55}},"18":{"start":{"line":17,"column":33},"end":{"line":57,"column":3}},"19":{"start":{"line":20,"column":4},"end":{"line":23,"column":44}},"20":{"start":{"line":24,"column":4},"end":{"line":27,"column":47}},"21":{"start":{"line":28,"column":4},"end":{"line":31,"column":46}},"22":{"start":{"line":32,"column":4},"end":{"line":35,"column":47}},"23":{"start":{"line":36,"column":4},"end":{"line":40,"column":50}},"24":{"start":{"line":37,"column":42},"end":{"line":37,"column":68}},"25":{"start":{"line":41,"column":4},"end":{"line":44,"column":53}},"26":{"start":{"line":45,"column":4},"end":{"line":48,"column":52}},"27":{"start":{"line":49,"column":4},"end":{"line":52,"column":52}},"28":{"start":{"line":53,"column":4},"end":{"line":55,"column":20}},"29":{"start":{"line":56,"column":4},"end":{"line":56,"column":23}},"30":{"start":{"line":58,"column":0},"end":{"line":58,"column":30}}},"fnMap":{"0":{"name":"(anonymous_0)","decl":{"start":{"line":2,"column":46},"end":{"line":2,"column":47}},"loc":{"start":{"line":2,"column":87},"end":{"line":7,"column":1}},"line":2},"1":{"name":"(anonymous_1)","decl":{"start":{"line":8,"column":46},"end":{"line":8,"column":47}},"loc":{"start":{"line":8,"column":62},"end":{"line":10,"column":1}},"line":8},"2":{"name":"(anonymous_2)","decl":{"start":{"line":11,"column":56},"end":{"line":11,"column":57}},"loc":{"start":{"line":11,"column":71},"end":{"line":13,"column":1}},"line":11},"3":{"name":"(anonymous_3)","decl":{"start":{"line":17,"column":33},"end":{"line":17,"column":34}},"loc":{"start":{"line":17,"column":45},"end":{"line":57,"column":1}},"line":17},"4":{"name":"Transaction","decl":{"start":{"line":18,"column":13},"end":{"line":18,"column":24}},"loc":{"start":{"line":18,"column":27},"end":{"line":19,"column":5}},"line":18},"5":{"name":"(anonymous_5)","decl":{"start":{"line":37,"column":28},"end":{"line":37,"column":29}},"loc":{"start":{"line":37,"column":40},"end":{"line":37,"column":70}},"line":37}},"branchMap":{"0":{"loc":{"start":{"line":2,"column":17},"end":{"line":7,"column":1}},"type":"binary-expr","locations":[{"start":{"line":2,"column":18},"end":{"line":2,"column":22}},{"start":{"line":2,"column":26},"end":{"line":2,"column":41}},{"start":{"line":2,"column":46},"end":{"line":7,"column":1}}],"line":2},"1":{"loc":{"start":{"line":3,"column":34},"end":{"line":3,"column":125}},"type":"cond-expr","locations":[{"start":{"line":3,"column":42},"end":{"line":3,"column":48}},{"start":{"line":3,"column":51},"end":{"line":3,"column":125}}],"line":3},"2":{"loc":{"start":{"line":3,"column":51},"end":{"line":3,"column":125}},"type":"cond-expr","locations":[{"start":{"line":3,"column":67},"end":{"line":3,"column":118}},{"start":{"line":3,"column":121},"end":{"line":3,"column":125}}],"line":3},"3":{"loc":{"start":{"line":4,"column":4},"end":{"line":5,"column":150}},"type":"if","locations":[{"start":{"line":4,"column":4},"end":{"line":5,"column":150}},{"start":{"line":4,"column":4},"end":{"line":5,"column":150}}],"line":4},"4":{"loc":{"start":{"line":4,"column":8},"end":{"line":4,"column":77}},"type":"binary-expr","locations":[{"start":{"line":4,"column":8},"end":{"line":4,"column":35}},{"start":{"line":4,"column":39},"end":{"line":4,"column":77}}],"line":4},"5":{"loc":{"start":{"line":5,"column":58},"end":{"line":5,"column":150}},"type":"if","locations":[{"start":{"line":5,"column":58},"end":{"line":5,"column":150}},{"start":{"line":5,"column":58},"end":{"line":5,"column":150}}],"line":5},"6":{"loc":{"start":{"line":5,"column":85},"end":{"line":5,"column":149}},"type":"binary-expr","locations":[{"start":{"line":5,"column":86},"end":{"line":5,"column":143}},{"start":{"line":5,"column":148},"end":{"line":5,"column":149}}],"line":5},"7":{"loc":{"start":{"line":5,"column":86},"end":{"line":5,"column":143}},"type":"cond-expr","locations":[{"start":{"line":5,"column":94},"end":{"line":5,"column":98}},{"start":{"line":5,"column":101},"end":{"line":5,"column":143}}],"line":5},"8":{"loc":{"start":{"line":5,"column":101},"end":{"line":5,"column":143}},"type":"cond-expr","locations":[{"start":{"line":5,"column":109},"end":{"line":5,"column":126}},{"start":{"line":5,"column":129},"end":{"line":5,"column":143}}],"line":5},"9":{"loc":{"start":{"line":6,"column":11},"end":{"line":6,"column":62}},"type":"binary-expr","locations":[{"start":{"line":6,"column":11},"end":{"line":6,"column":16}},{"start":{"line":6,"column":20},"end":{"line":6,"column":21}},{"start":{"line":6,"column":25},"end":{"line":6,"column":62}}],"line":6},"10":{"loc":{"start":{"line":8,"column":17},"end":{"line":10,"column":1}},"type":"binary-expr","locations":[{"start":{"line":8,"column":18},"end":{"line":8,"column":22}},{"start":{"line":8,"column":26},"end":{"line":8,"column":41}},{"start":{"line":8,"column":46},"end":{"line":10,"column":1}}],"line":8},"11":{"loc":{"start":{"line":9,"column":4},"end":{"line":9,"column":109}},"type":"if","locations":[{"start":{"line":9,"column":4},"end":{"line":9,"column":109}},{"start":{"line":9,"column":4},"end":{"line":9,"column":109}}],"line":9},"12":{"loc":{"start":{"line":9,"column":8},"end":{"line":9,"column":77}},"type":"binary-expr","locations":[{"start":{"line":9,"column":8},"end":{"line":9,"column":35}},{"start":{"line":9,"column":39},"end":{"line":9,"column":77}}],"line":9},"13":{"loc":{"start":{"line":11,"column":22},"end":{"line":13,"column":1}},"type":"binary-expr","locations":[{"start":{"line":11,"column":23},"end":{"line":11,"column":27}},{"start":{"line":11,"column":31},"end":{"line":11,"column":51}},{"start":{"line":11,"column":56},"end":{"line":13,"column":1}}],"line":11},"14":{"loc":{"start":{"line":12,"column":11},"end":{"line":12,"column":61}},"type":"cond-expr","locations":[{"start":{"line":12,"column":37},"end":{"line":12,"column":40}},{"start":{"line":12,"column":43},"end":{"line":12,"column":61}}],"line":12},"15":{"loc":{"start":{"line":12,"column":12},"end":{"line":12,"column":33}},"type":"binary-expr","locations":[{"start":{"line":12,"column":12},"end":{"line":12,"column":15}},{"start":{"line":12,"column":19},"end":{"line":12,"column":33}}],"line":12}},"s":{"0":1,"1":9,"2":9,"3":9,"4":9,"5":0,"6":0,"7":0,"8":0,"9":9,"10":1,"11":8,"12":8,"13":1,"14":1,"15":1,"16":1,"17":1,"18":1,"19":1,"20":1,"21":1,"22":1,"23":1,"24":0,"25":1,"26":1,"27":1,"28":1,"29":1,"30":1},"f":{"0":9,"1":8,"2":1,"3":1,"4":0,"5":0},"b":{"0":[1,1,1],"1":[1,8],"2":[0,8],"3":[9,0],"4":[9,9],"5":[0,0],"6":[0,0],"7":[0,0],"8":[0,0],"9":[9,8,0],"10":[1,1,1],"11":[8,0],"12":[8,8],"13":[1,1,1],"14":[1,0],"15":[1,1]},"_coverageSchema":"1a1c01bbd47fc00a2c39e90264f33305004495a9","hash":"17c75750e2751ad1ae90f897ffdd72affd5515c6"}
,"/home/fsegall/Desktop/Omni/GoStack11/desafio-06/desafio_06/dist/src/repositories/TransactionsRepository.js": {"path":"/home/fsegall/Desktop/Omni/GoStack11/desafio-06/desafio_06/dist/src/repositories/TransactionsRepository.js","statementMap":{"0":{"start":{"line":2,"column":16},"end":{"line":14,"column":4}},"1":{"start":{"line":3,"column":24},"end":{"line":8,"column":5}},"2":{"start":{"line":4,"column":8},"end":{"line":6,"column":87}},"3":{"start":{"line":5,"column":69},"end":{"line":5,"column":85}},"4":{"start":{"line":6,"column":30},"end":{"line":6,"column":84}},"5":{"start":{"line":6,"column":47},"end":{"line":6,"column":84}},"6":{"start":{"line":6,"column":72},"end":{"line":6,"column":84}},"7":{"start":{"line":7,"column":8},"end":{"line":7,"column":35}},"8":{"start":{"line":9,"column":4},"end":{"line":13,"column":6}},"9":{"start":{"line":10,"column":8},"end":{"line":10,"column":28}},"10":{"start":{"line":11,"column":24},"end":{"line":11,"column":45}},"11":{"start":{"line":12,"column":8},"end":{"line":12,"column":93}},"12":{"start":{"line":15,"column":17},"end":{"line":20,"column":1}},"13":{"start":{"line":16,"column":12},"end":{"line":16,"column":28}},"14":{"start":{"line":16,"column":34},"end":{"line":16,"column":125}},"15":{"start":{"line":17,"column":4},"end":{"line":18,"column":150}},"16":{"start":{"line":17,"column":79},"end":{"line":17,"column":131}},"17":{"start":{"line":18,"column":9},"end":{"line":18,"column":150}},"18":{"start":{"line":18,"column":22},"end":{"line":18,"column":43}},"19":{"start":{"line":18,"column":58},"end":{"line":18,"column":150}},"20":{"start":{"line":18,"column":81},"end":{"line":18,"column":150}},"21":{"start":{"line":19,"column":4},"end":{"line":19,"column":66}},"22":{"start":{"line":21,"column":16},"end":{"line":29,"column":1}},"23":{"start":{"line":22,"column":28},"end":{"line":22,"column":110}},"24":{"start":{"line":22,"column":91},"end":{"line":22,"column":106}},"25":{"start":{"line":23,"column":4},"end":{"line":28,"column":7}},"26":{"start":{"line":24,"column":36},"end":{"line":24,"column":97}},"27":{"start":{"line":24,"column":42},"end":{"line":24,"column":70}},"28":{"start":{"line":24,"column":85},"end":{"line":24,"column":95}},"29":{"start":{"line":25,"column":35},"end":{"line":25,"column":100}},"30":{"start":{"line":25,"column":41},"end":{"line":25,"column":73}},"31":{"start":{"line":25,"column":88},"end":{"line":25,"column":98}},"32":{"start":{"line":26,"column":32},"end":{"line":26,"column":116}},"33":{"start":{"line":27,"column":8},"end":{"line":27,"column":78}},"34":{"start":{"line":30,"column":18},"end":{"line":56,"column":1}},"35":{"start":{"line":31,"column":12},"end":{"line":31,"column":104}},"36":{"start":{"line":31,"column":43},"end":{"line":31,"column":68}},"37":{"start":{"line":31,"column":57},"end":{"line":31,"column":68}},"38":{"start":{"line":31,"column":69},"end":{"line":31,"column":81}},"39":{"start":{"line":32,"column":4},"end":{"line":32,"column":157}},"40":{"start":{"line":32,"column":138},"end":{"line":32,"column":150}},"41":{"start":{"line":33,"column":23},"end":{"line":33,"column":68}},"42":{"start":{"line":33,"column":45},"end":{"line":33,"column":65}},"43":{"start":{"line":35,"column":8},"end":{"line":35,"column":70}},"44":{"start":{"line":35,"column":15},"end":{"line":35,"column":70}},"45":{"start":{"line":36,"column":8},"end":{"line":53,"column":66}},"46":{"start":{"line":36,"column":18},"end":{"line":53,"column":66}},"47":{"start":{"line":37,"column":12},"end":{"line":37,"column":169}},"48":{"start":{"line":37,"column":160},"end":{"line":37,"column":169}},"49":{"start":{"line":38,"column":12},"end":{"line":38,"column":52}},"50":{"start":{"line":38,"column":26},"end":{"line":38,"column":52}},"51":{"start":{"line":39,"column":12},"end":{"line":51,"column":13}},"52":{"start":{"line":40,"column":32},"end":{"line":40,"column":39}},"53":{"start":{"line":40,"column":40},"end":{"line":40,"column":46}},"54":{"start":{"line":41,"column":24},"end":{"line":41,"column":34}},"55":{"start":{"line":41,"column":35},"end":{"line":41,"column":72}},"56":{"start":{"line":42,"column":24},"end":{"line":42,"column":34}},"57":{"start":{"line":42,"column":35},"end":{"line":42,"column":45}},"58":{"start":{"line":42,"column":46},"end":{"line":42,"column":55}},"59":{"start":{"line":42,"column":56},"end":{"line":42,"column":65}},"60":{"start":{"line":43,"column":24},"end":{"line":43,"column":41}},"61":{"start":{"line":43,"column":42},"end":{"line":43,"column":55}},"62":{"start":{"line":43,"column":56},"end":{"line":43,"column":65}},"63":{"start":{"line":45,"column":20},"end":{"line":45,"column":128}},"64":{"start":{"line":45,"column":110},"end":{"line":45,"column":116}},"65":{"start":{"line":45,"column":117},"end":{"line":45,"column":126}},"66":{"start":{"line":46,"column":20},"end":{"line":46,"column":106}},"67":{"start":{"line":46,"column":81},"end":{"line":46,"column":97}},"68":{"start":{"line":46,"column":98},"end":{"line":46,"column":104}},"69":{"start":{"line":47,"column":20},"end":{"line":47,"column":89}},"70":{"start":{"line":47,"column":57},"end":{"line":47,"column":72}},"71":{"start":{"line":47,"column":73},"end":{"line":47,"column":80}},"72":{"start":{"line":47,"column":81},"end":{"line":47,"column":87}},"73":{"start":{"line":48,"column":20},"end":{"line":48,"column":87}},"74":{"start":{"line":48,"column":47},"end":{"line":48,"column":62}},"75":{"start":{"line":48,"column":63},"end":{"line":48,"column":78}},"76":{"start":{"line":48,"column":79},"end":{"line":48,"column":85}},"77":{"start":{"line":49,"column":20},"end":{"line":49,"column":42}},"78":{"start":{"line":49,"column":30},"end":{"line":49,"column":42}},"79":{"start":{"line":50,"column":20},"end":{"line":50,"column":33}},"80":{"start":{"line":50,"column":34},"end":{"line":50,"column":43}},"81":{"start":{"line":52,"column":12},"end":{"line":52,"column":39}},"82":{"start":{"line":53,"column":22},"end":{"line":53,"column":34}},"83":{"start":{"line":53,"column":35},"end":{"line":53,"column":41}},"84":{"start":{"line":53,"column":54},"end":{"line":53,"column":64}},"85":{"start":{"line":54,"column":8},"end":{"line":54,"column":35}},"86":{"start":{"line":54,"column":23},"end":{"line":54,"column":35}},"87":{"start":{"line":54,"column":36},"end":{"line":54,"column":89}},"88":{"start":{"line":57,"column":22},"end":{"line":59,"column":1}},"89":{"start":{"line":58,"column":4},"end":{"line":58,"column":62}},"90":{"start":{"line":60,"column":0},"end":{"line":60,"column":62}},"91":{"start":{"line":61,"column":16},"end":{"line":61,"column":34}},"92":{"start":{"line":62,"column":20},"end":{"line":62,"column":69}},"93":{"start":{"line":63,"column":44},"end":{"line":103,"column":23}},"94":{"start":{"line":64,"column":4},"end":{"line":64,"column":46}},"95":{"start":{"line":66,"column":8},"end":{"line":66,"column":72}},"96":{"start":{"line":68,"column":4},"end":{"line":98,"column":6}},"97":{"start":{"line":69,"column":8},"end":{"line":97,"column":11}},"98":{"start":{"line":71,"column":12},"end":{"line":96,"column":15}},"99":{"start":{"line":72,"column":16},"end":{"line":95,"column":17}},"100":{"start":{"line":73,"column":28},"end":{"line":73,"column":62}},"101":{"start":{"line":75,"column":24},"end":{"line":75,"column":49}},"102":{"start":{"line":76,"column":24},"end":{"line":92,"column":69}},"103":{"start":{"line":77,"column":28},"end":{"line":86,"column":29}},"104":{"start":{"line":79,"column":36},"end":{"line":79,"column":84}},"105":{"start":{"line":80,"column":36},"end":{"line":80,"column":42}},"106":{"start":{"line":82,"column":36},"end":{"line":82,"column":85}},"107":{"start":{"line":83,"column":36},"end":{"line":83,"column":42}},"108":{"start":{"line":85,"column":36},"end":{"line":85,"column":42}},"109":{"start":{"line":87,"column":28},"end":{"line":87,"column":47}},"110":{"start":{"line":93,"column":24},"end":{"line":93,"column":49}},"111":{"start":{"line":94,"column":24},"end":{"line":94,"column":98}},"112":{"start":{"line":99,"column":4},"end":{"line":101,"column":31}},"113":{"start":{"line":102,"column":4},"end":{"line":102,"column":34}},"114":{"start":{"line":104,"column":0},"end":{"line":104,"column":41}}},"fnMap":{"0":{"name":"(anonymous_0)","decl":{"start":{"line":2,"column":45},"end":{"line":2,"column":46}},"loc":{"start":{"line":2,"column":57},"end":{"line":14,"column":1}},"line":2},"1":{"name":"(anonymous_1)","decl":{"start":{"line":3,"column":24},"end":{"line":3,"column":25}},"loc":{"start":{"line":3,"column":40},"end":{"line":8,"column":5}},"line":3},"2":{"name":"(anonymous_2)","decl":{"start":{"line":5,"column":51},"end":{"line":5,"column":52}},"loc":{"start":{"line":5,"column":67},"end":{"line":5,"column":87}},"line":5},"3":{"name":"(anonymous_3)","decl":{"start":{"line":6,"column":12},"end":{"line":6,"column":13}},"loc":{"start":{"line":6,"column":28},"end":{"line":6,"column":86}},"line":6},"4":{"name":"(anonymous_4)","decl":{"start":{"line":9,"column":11},"end":{"line":9,"column":12}},"loc":{"start":{"line":9,"column":27},"end":{"line":13,"column":5}},"line":9},"5":{"name":"__","decl":{"start":{"line":11,"column":17},"end":{"line":11,"column":19}},"loc":{"start":{"line":11,"column":22},"end":{"line":11,"column":47}},"line":11},"6":{"name":"(anonymous_6)","decl":{"start":{"line":15,"column":46},"end":{"line":15,"column":47}},"loc":{"start":{"line":15,"column":87},"end":{"line":20,"column":1}},"line":15},"7":{"name":"(anonymous_7)","decl":{"start":{"line":21,"column":44},"end":{"line":21,"column":45}},"loc":{"start":{"line":21,"column":89},"end":{"line":29,"column":1}},"line":21},"8":{"name":"adopt","decl":{"start":{"line":22,"column":13},"end":{"line":22,"column":18}},"loc":{"start":{"line":22,"column":26},"end":{"line":22,"column":112}},"line":22},"9":{"name":"(anonymous_9)","decl":{"start":{"line":22,"column":70},"end":{"line":22,"column":71}},"loc":{"start":{"line":22,"column":89},"end":{"line":22,"column":108}},"line":22},"10":{"name":"(anonymous_10)","decl":{"start":{"line":23,"column":36},"end":{"line":23,"column":37}},"loc":{"start":{"line":23,"column":63},"end":{"line":28,"column":5}},"line":23},"11":{"name":"fulfilled","decl":{"start":{"line":24,"column":17},"end":{"line":24,"column":26}},"loc":{"start":{"line":24,"column":34},"end":{"line":24,"column":99}},"line":24},"12":{"name":"rejected","decl":{"start":{"line":25,"column":17},"end":{"line":25,"column":25}},"loc":{"start":{"line":25,"column":33},"end":{"line":25,"column":102}},"line":25},"13":{"name":"step","decl":{"start":{"line":26,"column":17},"end":{"line":26,"column":21}},"loc":{"start":{"line":26,"column":30},"end":{"line":26,"column":118}},"line":26},"14":{"name":"(anonymous_14)","decl":{"start":{"line":30,"column":48},"end":{"line":30,"column":49}},"loc":{"start":{"line":30,"column":73},"end":{"line":56,"column":1}},"line":30},"15":{"name":"(anonymous_15)","decl":{"start":{"line":31,"column":30},"end":{"line":31,"column":31}},"loc":{"start":{"line":31,"column":41},"end":{"line":31,"column":83}},"line":31},"16":{"name":"(anonymous_16)","decl":{"start":{"line":32,"column":125},"end":{"line":32,"column":126}},"loc":{"start":{"line":32,"column":136},"end":{"line":32,"column":152}},"line":32},"17":{"name":"verb","decl":{"start":{"line":33,"column":13},"end":{"line":33,"column":17}},"loc":{"start":{"line":33,"column":21},"end":{"line":33,"column":70}},"line":33},"18":{"name":"(anonymous_18)","decl":{"start":{"line":33,"column":30},"end":{"line":33,"column":31}},"loc":{"start":{"line":33,"column":43},"end":{"line":33,"column":67}},"line":33},"19":{"name":"step","decl":{"start":{"line":34,"column":13},"end":{"line":34,"column":17}},"loc":{"start":{"line":34,"column":22},"end":{"line":55,"column":5}},"line":34},"20":{"name":"(anonymous_20)","decl":{"start":{"line":57,"column":56},"end":{"line":57,"column":57}},"loc":{"start":{"line":57,"column":71},"end":{"line":59,"column":1}},"line":57},"21":{"name":"(anonymous_21)","decl":{"start":{"line":63,"column":44},"end":{"line":63,"column":45}},"loc":{"start":{"line":63,"column":62},"end":{"line":103,"column":1}},"line":63},"22":{"name":"TransactionsRepository","decl":{"start":{"line":65,"column":13},"end":{"line":65,"column":35}},"loc":{"start":{"line":65,"column":38},"end":{"line":67,"column":5}},"line":65},"23":{"name":"(anonymous_23)","decl":{"start":{"line":68,"column":50},"end":{"line":68,"column":51}},"loc":{"start":{"line":68,"column":62},"end":{"line":98,"column":5}},"line":68},"24":{"name":"(anonymous_24)","decl":{"start":{"line":69,"column":47},"end":{"line":69,"column":48}},"loc":{"start":{"line":69,"column":59},"end":{"line":97,"column":9}},"line":69},"25":{"name":"(anonymous_25)","decl":{"start":{"line":71,"column":37},"end":{"line":71,"column":38}},"loc":{"start":{"line":71,"column":51},"end":{"line":96,"column":13}},"line":71},"26":{"name":"(anonymous_26)","decl":{"start":{"line":76,"column":49},"end":{"line":76,"column":50}},"loc":{"start":{"line":76,"column":85},"end":{"line":88,"column":25}},"line":76}},"branchMap":{"0":{"loc":{"start":{"line":2,"column":16},"end":{"line":14,"column":4}},"type":"binary-expr","locations":[{"start":{"line":2,"column":17},"end":{"line":2,"column":21}},{"start":{"line":2,"column":25},"end":{"line":2,"column":39}},{"start":{"line":2,"column":44},"end":{"line":14,"column":4}}],"line":2},"1":{"loc":{"start":{"line":4,"column":24},"end":{"line":6,"column":86}},"type":"binary-expr","locations":[{"start":{"line":4,"column":24},"end":{"line":4,"column":45}},{"start":{"line":5,"column":13},"end":{"line":5,"column":47}},{"start":{"line":5,"column":51},"end":{"line":5,"column":87}},{"start":{"line":6,"column":12},"end":{"line":6,"column":86}}],"line":4},"2":{"loc":{"start":{"line":6,"column":47},"end":{"line":6,"column":84}},"type":"if","locations":[{"start":{"line":6,"column":47},"end":{"line":6,"column":84}},{"start":{"line":6,"column":47},"end":{"line":6,"column":84}}],"line":6},"3":{"loc":{"start":{"line":12,"column":22},"end":{"line":12,"column":92}},"type":"cond-expr","locations":[{"start":{"line":12,"column":35},"end":{"line":12,"column":51}},{"start":{"line":12,"column":55},"end":{"line":12,"column":91}}],"line":12},"4":{"loc":{"start":{"line":15,"column":17},"end":{"line":20,"column":1}},"type":"binary-expr","locations":[{"start":{"line":15,"column":18},"end":{"line":15,"column":22}},{"start":{"line":15,"column":26},"end":{"line":15,"column":41}},{"start":{"line":15,"column":46},"end":{"line":20,"column":1}}],"line":15},"5":{"loc":{"start":{"line":16,"column":34},"end":{"line":16,"column":125}},"type":"cond-expr","locations":[{"start":{"line":16,"column":42},"end":{"line":16,"column":48}},{"start":{"line":16,"column":51},"end":{"line":16,"column":125}}],"line":16},"6":{"loc":{"start":{"line":16,"column":51},"end":{"line":16,"column":125}},"type":"cond-expr","locations":[{"start":{"line":16,"column":67},"end":{"line":16,"column":118}},{"start":{"line":16,"column":121},"end":{"line":16,"column":125}}],"line":16},"7":{"loc":{"start":{"line":17,"column":4},"end":{"line":18,"column":150}},"type":"if","locations":[{"start":{"line":17,"column":4},"end":{"line":18,"column":150}},{"start":{"line":17,"column":4},"end":{"line":18,"column":150}}],"line":17},"8":{"loc":{"start":{"line":17,"column":8},"end":{"line":17,"column":77}},"type":"binary-expr","locations":[{"start":{"line":17,"column":8},"end":{"line":17,"column":35}},{"start":{"line":17,"column":39},"end":{"line":17,"column":77}}],"line":17},"9":{"loc":{"start":{"line":18,"column":58},"end":{"line":18,"column":150}},"type":"if","locations":[{"start":{"line":18,"column":58},"end":{"line":18,"column":150}},{"start":{"line":18,"column":58},"end":{"line":18,"column":150}}],"line":18},"10":{"loc":{"start":{"line":18,"column":85},"end":{"line":18,"column":149}},"type":"binary-expr","locations":[{"start":{"line":18,"column":86},"end":{"line":18,"column":143}},{"start":{"line":18,"column":148},"end":{"line":18,"column":149}}],"line":18},"11":{"loc":{"start":{"line":18,"column":86},"end":{"line":18,"column":143}},"type":"cond-expr","locations":[{"start":{"line":18,"column":94},"end":{"line":18,"column":98}},{"start":{"line":18,"column":101},"end":{"line":18,"column":143}}],"line":18},"12":{"loc":{"start":{"line":18,"column":101},"end":{"line":18,"column":143}},"type":"cond-expr","locations":[{"start":{"line":18,"column":109},"end":{"line":18,"column":126}},{"start":{"line":18,"column":129},"end":{"line":18,"column":143}}],"line":18},"13":{"loc":{"start":{"line":19,"column":11},"end":{"line":19,"column":62}},"type":"binary-expr","locations":[{"start":{"line":19,"column":11},"end":{"line":19,"column":16}},{"start":{"line":19,"column":20},"end":{"line":19,"column":21}},{"start":{"line":19,"column":25},"end":{"line":19,"column":62}}],"line":19},"14":{"loc":{"start":{"line":21,"column":16},"end":{"line":29,"column":1}},"type":"binary-expr","locations":[{"start":{"line":21,"column":17},"end":{"line":21,"column":21}},{"start":{"line":21,"column":25},"end":{"line":21,"column":39}},{"start":{"line":21,"column":44},"end":{"line":29,"column":1}}],"line":21},"15":{"loc":{"start":{"line":22,"column":35},"end":{"line":22,"column":109}},"type":"cond-expr","locations":[{"start":{"line":22,"column":56},"end":{"line":22,"column":61}},{"start":{"line":22,"column":64},"end":{"line":22,"column":109}}],"line":22},"16":{"loc":{"start":{"line":23,"column":16},"end":{"line":23,"column":34}},"type":"binary-expr","locations":[{"start":{"line":23,"column":16},"end":{"line":23,"column":17}},{"start":{"line":23,"column":22},"end":{"line":23,"column":33}}],"line":23},"17":{"loc":{"start":{"line":26,"column":32},"end":{"line":26,"column":115}},"type":"cond-expr","locations":[{"start":{"line":26,"column":46},"end":{"line":26,"column":67}},{"start":{"line":26,"column":70},"end":{"line":26,"column":115}}],"line":26},"18":{"loc":{"start":{"line":27,"column":51},"end":{"line":27,"column":67}},"type":"binary-expr","locations":[{"start":{"line":27,"column":51},"end":{"line":27,"column":61}},{"start":{"line":27,"column":65},"end":{"line":27,"column":67}}],"line":27},"19":{"loc":{"start":{"line":30,"column":18},"end":{"line":56,"column":1}},"type":"binary-expr","locations":[{"start":{"line":30,"column":19},"end":{"line":30,"column":23}},{"start":{"line":30,"column":27},"end":{"line":30,"column":43}},{"start":{"line":30,"column":48},"end":{"line":56,"column":1}}],"line":30},"20":{"loc":{"start":{"line":31,"column":43},"end":{"line":31,"column":68}},"type":"if","locations":[{"start":{"line":31,"column":43},"end":{"line":31,"column":68}},{"start":{"line":31,"column":43},"end":{"line":31,"column":68}}],"line":31},"21":{"loc":{"start":{"line":32,"column":71},"end":{"line":32,"column":153}},"type":"binary-expr","locations":[{"start":{"line":32,"column":71},"end":{"line":32,"column":99}},{"start":{"line":32,"column":104},"end":{"line":32,"column":152}}],"line":32},"22":{"loc":{"start":{"line":35,"column":8},"end":{"line":35,"column":70}},"type":"if","locations":[{"start":{"line":35,"column":8},"end":{"line":35,"column":70}},{"start":{"line":35,"column":8},"end":{"line":35,"column":70}}],"line":35},"23":{"loc":{"start":{"line":37,"column":12},"end":{"line":37,"column":169}},"type":"if","locations":[{"start":{"line":37,"column":12},"end":{"line":37,"column":169}},{"start":{"line":37,"column":12},"end":{"line":37,"column":169}}],"line":37},"24":{"loc":{"start":{"line":37,"column":23},"end":{"line":37,"column":158}},"type":"binary-expr","locations":[{"start":{"line":37,"column":23},"end":{"line":37,"column":24}},{"start":{"line":37,"column":29},"end":{"line":37,"column":125}},{"start":{"line":37,"column":130},"end":{"line":37,"column":158}}],"line":37},"25":{"loc":{"start":{"line":37,"column":33},"end":{"line":37,"column":125}},"type":"cond-expr","locations":[{"start":{"line":37,"column":45},"end":{"line":37,"column":56}},{"start":{"line":37,"column":59},"end":{"line":37,"column":125}}],"line":37},"26":{"loc":{"start":{"line":37,"column":59},"end":{"line":37,"column":125}},"type":"cond-expr","locations":[{"start":{"line":37,"column":67},"end":{"line":37,"column":116}},{"start":{"line":37,"column":119},"end":{"line":37,"column":125}}],"line":37},"27":{"loc":{"start":{"line":37,"column":67},"end":{"line":37,"column":116}},"type":"binary-expr","locations":[{"start":{"line":37,"column":67},"end":{"line":37,"column":77}},{"start":{"line":37,"column":82},"end":{"line":37,"column":115}}],"line":37},"28":{"loc":{"start":{"line":37,"column":82},"end":{"line":37,"column":112}},"type":"binary-expr","locations":[{"start":{"line":37,"column":83},"end":{"line":37,"column":98}},{"start":{"line":37,"column":103},"end":{"line":37,"column":112}}],"line":37},"29":{"loc":{"start":{"line":38,"column":12},"end":{"line":38,"column":52}},"type":"if","locations":[{"start":{"line":38,"column":12},"end":{"line":38,"column":52}},{"start":{"line":38,"column":12},"end":{"line":38,"column":52}}],"line":38},"30":{"loc":{"start":{"line":39,"column":12},"end":{"line":51,"column":13}},"type":"switch","locations":[{"start":{"line":40,"column":16},"end":{"line":40,"column":23}},{"start":{"line":40,"column":24},"end":{"line":40,"column":46}},{"start":{"line":41,"column":16},"end":{"line":41,"column":72}},{"start":{"line":42,"column":16},"end":{"line":42,"column":65}},{"start":{"line":43,"column":16},"end":{"line":43,"column":65}},{"start":{"line":44,"column":16},"end":{"line":50,"column":43}}],"line":39},"31":{"loc":{"start":{"line":45,"column":20},"end":{"line":45,"column":128}},"type":"if","locations":[{"start":{"line":45,"column":20},"end":{"line":45,"column":128}},{"start":{"line":45,"column":20},"end":{"line":45,"column":128}}],"line":45},"32":{"loc":{"start":{"line":45,"column":24},"end":{"line":45,"column":106}},"type":"binary-expr","locations":[{"start":{"line":45,"column":24},"end":{"line":45,"column":74}},{"start":{"line":45,"column":79},"end":{"line":45,"column":90}},{"start":{"line":45,"column":94},"end":{"line":45,"column":105}}],"line":45},"33":{"loc":{"start":{"line":45,"column":42},"end":{"line":45,"column":73}},"type":"binary-expr","locations":[{"start":{"line":45,"column":42},"end":{"line":45,"column":54}},{"start":{"line":45,"column":58},"end":{"line":45,"column":73}}],"line":45},"34":{"loc":{"start":{"line":46,"column":20},"end":{"line":46,"column":106}},"type":"if","locations":[{"start":{"line":46,"column":20},"end":{"line":46,"column":106}},{"start":{"line":46,"column":20},"end":{"line":46,"column":106}}],"line":46},"35":{"loc":{"start":{"line":46,"column":24},"end":{"line":46,"column":77}},"type":"binary-expr","locations":[{"start":{"line":46,"column":24},"end":{"line":46,"column":35}},{"start":{"line":46,"column":40},"end":{"line":46,"column":42}},{"start":{"line":46,"column":47},"end":{"line":46,"column":59}},{"start":{"line":46,"column":63},"end":{"line":46,"column":75}}],"line":46},"36":{"loc":{"start":{"line":47,"column":20},"end":{"line":47,"column":89}},"type":"if","locations":[{"start":{"line":47,"column":20},"end":{"line":47,"column":89}},{"start":{"line":47,"column":20},"end":{"line":47,"column":89}}],"line":47},"37":{"loc":{"start":{"line":47,"column":24},"end":{"line":47,"column":53}},"type":"binary-expr","locations":[{"start":{"line":47,"column":24},"end":{"line":47,"column":35}},{"start":{"line":47,"column":39},"end":{"line":47,"column":53}}],"line":47},"38":{"loc":{"start":{"line":48,"column":20},"end":{"line":48,"column":87}},"type":"if","locations":[{"start":{"line":48,"column":20},"end":{"line":48,"column":87}},{"start":{"line":48,"column":20},"end":{"line":48,"column":87}}],"line":48},"39":{"loc":{"start":{"line":48,"column":24},"end":{"line":48,"column":43}},"type":"binary-expr","locations":[{"start":{"line":48,"column":24},"end":{"line":48,"column":25}},{"start":{"line":48,"column":29},"end":{"line":48,"column":43}}],"line":48},"40":{"loc":{"start":{"line":49,"column":20},"end":{"line":49,"column":42}},"type":"if","locations":[{"start":{"line":49,"column":20},"end":{"line":49,"column":42}},{"start":{"line":49,"column":20},"end":{"line":49,"column":42}}],"line":49},"41":{"loc":{"start":{"line":54,"column":8},"end":{"line":54,"column":35}},"type":"if","locations":[{"start":{"line":54,"column":8},"end":{"line":54,"column":35}},{"start":{"line":54,"column":8},"end":{"line":54,"column":35}}],"line":54},"42":{"loc":{"start":{"line":54,"column":52},"end":{"line":54,"column":74}},"type":"cond-expr","locations":[{"start":{"line":54,"column":60},"end":{"line":54,"column":65}},{"start":{"line":54,"column":68},"end":{"line":54,"column":74}}],"line":54},"43":{"loc":{"start":{"line":57,"column":22},"end":{"line":59,"column":1}},"type":"binary-expr","locations":[{"start":{"line":57,"column":23},"end":{"line":57,"column":27}},{"start":{"line":57,"column":31},"end":{"line":57,"column":51}},{"start":{"line":57,"column":56},"end":{"line":59,"column":1}}],"line":57},"44":{"loc":{"start":{"line":58,"column":11},"end":{"line":58,"column":61}},"type":"cond-expr","locations":[{"start":{"line":58,"column":37},"end":{"line":58,"column":40}},{"start":{"line":58,"column":43},"end":{"line":58,"column":61}}],"line":58},"45":{"loc":{"start":{"line":58,"column":12},"end":{"line":58,"column":33}},"type":"binary-expr","locations":[{"start":{"line":58,"column":12},"end":{"line":58,"column":15}},{"start":{"line":58,"column":19},"end":{"line":58,"column":33}}],"line":58},"46":{"loc":{"start":{"line":66,"column":15},"end":{"line":66,"column":71}},"type":"binary-expr","locations":[{"start":{"line":66,"column":15},"end":{"line":66,"column":30}},{"start":{"line":66,"column":34},"end":{"line":66,"column":63}},{"start":{"line":66,"column":67},"end":{"line":66,"column":71}}],"line":66},"47":{"loc":{"start":{"line":72,"column":16},"end":{"line":95,"column":17}},"type":"switch","locations":[{"start":{"line":73,"column":20},"end":{"line":73,"column":62}},{"start":{"line":74,"column":20},"end":{"line":94,"column":98}}],"line":72},"48":{"loc":{"start":{"line":77,"column":28},"end":{"line":86,"column":29}},"type":"switch","locations":[{"start":{"line":78,"column":32},"end":{"line":80,"column":42}},{"start":{"line":81,"column":32},"end":{"line":83,"column":42}},{"start":{"line":84,"column":32},"end":{"line":85,"column":42}}],"line":77}},"s":{"0":1,"1":1,"2":1,"3":0,"4":0,"5":0,"6":0,"7":1,"8":1,"9":1,"10":1,"11":1,"12":1,"13":1,"14":1,"15":1,"16":1,"17":0,"18":0,"19":0,"20":0,"21":1,"22":1,"23":0,"24":0,"25":0,"26":0,"27":0,"28":0,"29":0,"30":0,"31":0,"32":0,"33":0,"34":1,"35":0,"36":0,"37":0,"38":0,"39":0,"40":0,"41":0,"42":0,"43":0,"44":0,"45":0,"46":0,"47":0,"48":0,"49":0,"50":0,"51":0,"52":0,"53":0,"54":0,"55":0,"56":0,"57":0,"58":0,"59":0,"60":0,"61":0,"62":0,"63":0,"64":0,"65":0,"66":0,"67":0,"68":0,"69":0,"70":0,"71":0,"72":0,"73":0,"74":0,"75":0,"76":0,"77":0,"78":0,"79":0,"80":0,"81":0,"82":0,"83":0,"84":0,"85":0,"86":0,"87":0,"88":1,"89":1,"90":1,"91":1,"92":1,"93":1,"94":1,"95":0,"96":1,"97":0,"98":0,"99":0,"100":0,"101":0,"102":0,"103":0,"104":0,"105":0,"106":0,"107":0,"108":0,"109":0,"110":0,"111":0,"112":1,"113":1,"114":1},"f":{"0":1,"1":1,"2":0,"3":0,"4":1,"5":1,"6":1,"7":0,"8":0,"9":0,"10":0,"11":0,"12":0,"13":0,"14":0,"15":0,"16":0,"17":0,"18":0,"19":0,"20":1,"21":1,"22":0,"23":0,"24":0,"25":0,"26":0},"b":{"0":[1,1,1],"1":[1,0,0,0],"2":[0,0],"3":[0,1],"4":[1,1,1],"5":[1,0],"6":[0,0],"7":[1,0],"8":[1,1],"9":[0,0],"10":[0,0],"11":[0,0],"12":[0,0],"13":[1,0,0],"14":[1,1,1],"15":[0,0],"16":[0,0],"17":[0,0],"18":[0,0],"19":[1,1,1],"20":[0,0],"21":[0,0],"22":[0,0],"23":[0,0],"24":[0,0,0],"25":[0,0],"26":[0,0],"27":[0,0],"28":[0,0],"29":[0,0],"30":[0,0,0,0,0,0],"31":[0,0],"32":[0,0,0],"33":[0,0],"34":[0,0],"35":[0,0,0,0],"36":[0,0],"37":[0,0],"38":[0,0],"39":[0,0],"40":[0,0],"41":[0,0],"42":[0,0],"43":[1,1,1],"44":[1,0],"45":[1,1],"46":[0,0,0],"47":[0,0],"48":[0,0,0]},"_coverageSchema":"1a1c01bbd47fc00a2c39e90264f33305004495a9","hash":"2313a6dfb91133f519b9f0dbed62dc10e40d9b86"}
,"/home/fsegall/Desktop/Omni/GoStack11/desafio-06/desafio_06/dist/src/routes/index.js": {"path":"/home/fsegall/Desktop/Omni/GoStack11/desafio-06/desafio_06/dist/src/routes/index.js","statementMap":{"0":{"start":{"line":2,"column":22},"end":{"line":4,"column":1}},"1":{"start":{"line":3,"column":4},"end":{"line":3,"column":62}},"2":{"start":{"line":5,"column":0},"end":{"line":5,"column":62}},"3":{"start":{"line":6,"column":16},"end":{"line":6,"column":34}},"4":{"start":{"line":7,"column":28},"end":{"line":7,"column":77}},"5":{"start":{"line":8,"column":13},"end":{"line":8,"column":31}},"6":{"start":{"line":9,"column":0},"end":{"line":9,"column":59}},"7":{"start":{"line":10,"column":0},"end":{"line":10,"column":25}}},"fnMap":{"0":{"name":"(anonymous_0)","decl":{"start":{"line":2,"column":56},"end":{"line":2,"column":57}},"loc":{"start":{"line":2,"column":71},"end":{"line":4,"column":1}},"line":2}},"branchMap":{"0":{"loc":{"start":{"line":2,"column":22},"end":{"line":4,"column":1}},"type":"binary-expr","locations":[{"start":{"line":2,"column":23},"end":{"line":2,"column":27}},{"start":{"line":2,"column":31},"end":{"line":2,"column":51}},{"start":{"line":2,"column":56},"end":{"line":4,"column":1}}],"line":2},"1":{"loc":{"start":{"line":3,"column":11},"end":{"line":3,"column":61}},"type":"cond-expr","locations":[{"start":{"line":3,"column":37},"end":{"line":3,"column":40}},{"start":{"line":3,"column":43},"end":{"line":3,"column":61}}],"line":3},"2":{"loc":{"start":{"line":3,"column":12},"end":{"line":3,"column":33}},"type":"binary-expr","locations":[{"start":{"line":3,"column":12},"end":{"line":3,"column":15}},{"start":{"line":3,"column":19},"end":{"line":3,"column":33}}],"line":3}},"s":{"0":1,"1":1,"2":1,"3":1,"4":1,"5":1,"6":1,"7":1},"f":{"0":1},"b":{"0":[1,1,1],"1":[1,0],"2":[1,1]},"_coverageSchema":"1a1c01bbd47fc00a2c39e90264f33305004495a9","hash":"234033b5c66bc0bd78930f395f9795331c62b57e"}
,"/home/fsegall/Desktop/Omni/GoStack11/desafio-06/desafio_06/dist/src/routes/transactions.routes.js": {"path":"/home/fsegall/Desktop/Omni/GoStack11/desafio-06/desafio_06/dist/src/routes/transactions.routes.js","statementMap":{"0":{"start":{"line":2,"column":16},"end":{"line":10,"column":1}},"1":{"start":{"line":3,"column":28},"end":{"line":3,"column":110}},"2":{"start":{"line":3,"column":91},"end":{"line":3,"column":106}},"3":{"start":{"line":4,"column":4},"end":{"line":9,"column":7}},"4":{"start":{"line":5,"column":36},"end":{"line":5,"column":97}},"5":{"start":{"line":5,"column":42},"end":{"line":5,"column":70}},"6":{"start":{"line":5,"column":85},"end":{"line":5,"column":95}},"7":{"start":{"line":6,"column":35},"end":{"line":6,"column":100}},"8":{"start":{"line":6,"column":41},"end":{"line":6,"column":73}},"9":{"start":{"line":6,"column":88},"end":{"line":6,"column":98}},"10":{"start":{"line":7,"column":32},"end":{"line":7,"column":116}},"11":{"start":{"line":8,"column":8},"end":{"line":8,"column":78}},"12":{"start":{"line":11,"column":18},"end":{"line":37,"column":1}},"13":{"start":{"line":12,"column":12},"end":{"line":12,"column":104}},"14":{"start":{"line":12,"column":43},"end":{"line":12,"column":68}},"15":{"start":{"line":12,"column":57},"end":{"line":12,"column":68}},"16":{"start":{"line":12,"column":69},"end":{"line":12,"column":81}},"17":{"start":{"line":13,"column":4},"end":{"line":13,"column":157}},"18":{"start":{"line":13,"column":138},"end":{"line":13,"column":150}},"19":{"start":{"line":14,"column":23},"end":{"line":14,"column":68}},"20":{"start":{"line":14,"column":45},"end":{"line":14,"column":65}},"21":{"start":{"line":16,"column":8},"end":{"line":16,"column":70}},"22":{"start":{"line":16,"column":15},"end":{"line":16,"column":70}},"23":{"start":{"line":17,"column":8},"end":{"line":34,"column":66}},"24":{"start":{"line":17,"column":18},"end":{"line":34,"column":66}},"25":{"start":{"line":18,"column":12},"end":{"line":18,"column":169}},"26":{"start":{"line":18,"column":160},"end":{"line":18,"column":169}},"27":{"start":{"line":19,"column":12},"end":{"line":19,"column":52}},"28":{"start":{"line":19,"column":26},"end":{"line":19,"column":52}},"29":{"start":{"line":20,"column":12},"end":{"line":32,"column":13}},"30":{"start":{"line":21,"column":32},"end":{"line":21,"column":39}},"31":{"start":{"line":21,"column":40},"end":{"line":21,"column":46}},"32":{"start":{"line":22,"column":24},"end":{"line":22,"column":34}},"33":{"start":{"line":22,"column":35},"end":{"line":22,"column":72}},"34":{"start":{"line":23,"column":24},"end":{"line":23,"column":34}},"35":{"start":{"line":23,"column":35},"end":{"line":23,"column":45}},"36":{"start":{"line":23,"column":46},"end":{"line":23,"column":55}},"37":{"start":{"line":23,"column":56},"end":{"line":23,"column":65}},"38":{"start":{"line":24,"column":24},"end":{"line":24,"column":41}},"39":{"start":{"line":24,"column":42},"end":{"line":24,"column":55}},"40":{"start":{"line":24,"column":56},"end":{"line":24,"column":65}},"41":{"start":{"line":26,"column":20},"end":{"line":26,"column":128}},"42":{"start":{"line":26,"column":110},"end":{"line":26,"column":116}},"43":{"start":{"line":26,"column":117},"end":{"line":26,"column":126}},"44":{"start":{"line":27,"column":20},"end":{"line":27,"column":106}},"45":{"start":{"line":27,"column":81},"end":{"line":27,"column":97}},"46":{"start":{"line":27,"column":98},"end":{"line":27,"column":104}},"47":{"start":{"line":28,"column":20},"end":{"line":28,"column":89}},"48":{"start":{"line":28,"column":57},"end":{"line":28,"column":72}},"49":{"start":{"line":28,"column":73},"end":{"line":28,"column":80}},"50":{"start":{"line":28,"column":81},"end":{"line":28,"column":87}},"51":{"start":{"line":29,"column":20},"end":{"line":29,"column":87}},"52":{"start":{"line":29,"column":47},"end":{"line":29,"column":62}},"53":{"start":{"line":29,"column":63},"end":{"line":29,"column":78}},"54":{"start":{"line":29,"column":79},"end":{"line":29,"column":85}},"55":{"start":{"line":30,"column":20},"end":{"line":30,"column":42}},"56":{"start":{"line":30,"column":30},"end":{"line":30,"column":42}},"57":{"start":{"line":31,"column":20},"end":{"line":31,"column":33}},"58":{"start":{"line":31,"column":34},"end":{"line":31,"column":43}},"59":{"start":{"line":33,"column":12},"end":{"line":33,"column":39}},"60":{"start":{"line":34,"column":22},"end":{"line":34,"column":34}},"61":{"start":{"line":34,"column":35},"end":{"line":34,"column":41}},"62":{"start":{"line":34,"column":54},"end":{"line":34,"column":64}},"63":{"start":{"line":35,"column":8},"end":{"line":35,"column":35}},"64":{"start":{"line":35,"column":23},"end":{"line":35,"column":35}},"65":{"start":{"line":35,"column":36},"end":{"line":35,"column":89}},"66":{"start":{"line":38,"column":22},"end":{"line":40,"column":1}},"67":{"start":{"line":39,"column":4},"end":{"line":39,"column":62}},"68":{"start":{"line":41,"column":0},"end":{"line":41,"column":62}},"69":{"start":{"line":42,"column":16},"end":{"line":42,"column":34}},"70":{"start":{"line":43,"column":16},"end":{"line":43,"column":34}},"71":{"start":{"line":44,"column":33},"end":{"line":44,"column":97}},"72":{"start":{"line":45,"column":31},"end":{"line":45,"column":97}},"73":{"start":{"line":49,"column":25},"end":{"line":49,"column":43}},"74":{"start":{"line":50,"column":0},"end":{"line":65,"column":7}},"75":{"start":{"line":50,"column":59},"end":{"line":65,"column":3}},"76":{"start":{"line":52,"column":4},"end":{"line":64,"column":7}},"77":{"start":{"line":53,"column":8},"end":{"line":63,"column":9}},"78":{"start":{"line":55,"column":16},"end":{"line":55,"column":105}},"79":{"start":{"line":56,"column":16},"end":{"line":56,"column":68}},"80":{"start":{"line":58,"column":16},"end":{"line":58,"column":41}},"81":{"start":{"line":59,"column":16},"end":{"line":59,"column":74}},"82":{"start":{"line":61,"column":16},"end":{"line":61,"column":36}},"83":{"start":{"line":62,"column":16},"end":{"line":62,"column":103}},"84":{"start":{"line":66,"column":0},"end":{"line":84,"column":7}},"85":{"start":{"line":66,"column":60},"end":{"line":84,"column":3}},"86":{"start":{"line":68,"column":4},"end":{"line":83,"column":7}},"87":{"start":{"line":69,"column":8},"end":{"line":82,"column":9}},"88":{"start":{"line":71,"column":16},"end":{"line":71,"column":110}},"89":{"start":{"line":72,"column":16},"end":{"line":72,"column":77}},"90":{"start":{"line":73,"column":16},"end":{"line":78,"column":24}},"91":{"start":{"line":80,"column":16},"end":{"line":80,"column":40}},"92":{"start":{"line":81,"column":16},"end":{"line":81,"column":66}},"93":{"start":{"line":85,"column":0},"end":{"line":89,"column":7}},"94":{"start":{"line":85,"column":65},"end":{"line":89,"column":3}},"95":{"start":{"line":86,"column":4},"end":{"line":88,"column":7}},"96":{"start":{"line":87,"column":8},"end":{"line":87,"column":30}},"97":{"start":{"line":90,"column":0},"end":{"line":94,"column":7}},"98":{"start":{"line":90,"column":66},"end":{"line":94,"column":3}},"99":{"start":{"line":91,"column":4},"end":{"line":93,"column":7}},"100":{"start":{"line":92,"column":8},"end":{"line":92,"column":30}},"101":{"start":{"line":95,"column":0},"end":{"line":95,"column":37}}},"fnMap":{"0":{"name":"(anonymous_0)","decl":{"start":{"line":2,"column":44},"end":{"line":2,"column":45}},"loc":{"start":{"line":2,"column":89},"end":{"line":10,"column":1}},"line":2},"1":{"name":"adopt","decl":{"start":{"line":3,"column":13},"end":{"line":3,"column":18}},"loc":{"start":{"line":3,"column":26},"end":{"line":3,"column":112}},"line":3},"2":{"name":"(anonymous_2)","decl":{"start":{"line":3,"column":70},"end":{"line":3,"column":71}},"loc":{"start":{"line":3,"column":89},"end":{"line":3,"column":108}},"line":3},"3":{"name":"(anonymous_3)","decl":{"start":{"line":4,"column":36},"end":{"line":4,"column":37}},"loc":{"start":{"line":4,"column":63},"end":{"line":9,"column":5}},"line":4},"4":{"name":"fulfilled","decl":{"start":{"line":5,"column":17},"end":{"line":5,"column":26}},"loc":{"start":{"line":5,"column":34},"end":{"line":5,"column":99}},"line":5},"5":{"name":"rejected","decl":{"start":{"line":6,"column":17},"end":{"line":6,"column":25}},"loc":{"start":{"line":6,"column":33},"end":{"line":6,"column":102}},"line":6},"6":{"name":"step","decl":{"start":{"line":7,"column":17},"end":{"line":7,"column":21}},"loc":{"start":{"line":7,"column":30},"end":{"line":7,"column":118}},"line":7},"7":{"name":"(anonymous_7)","decl":{"start":{"line":11,"column":48},"end":{"line":11,"column":49}},"loc":{"start":{"line":11,"column":73},"end":{"line":37,"column":1}},"line":11},"8":{"name":"(anonymous_8)","decl":{"start":{"line":12,"column":30},"end":{"line":12,"column":31}},"loc":{"start":{"line":12,"column":41},"end":{"line":12,"column":83}},"line":12},"9":{"name":"(anonymous_9)","decl":{"start":{"line":13,"column":125},"end":{"line":13,"column":126}},"loc":{"start":{"line":13,"column":136},"end":{"line":13,"column":152}},"line":13},"10":{"name":"verb","decl":{"start":{"line":14,"column":13},"end":{"line":14,"column":17}},"loc":{"start":{"line":14,"column":21},"end":{"line":14,"column":70}},"line":14},"11":{"name":"(anonymous_11)","decl":{"start":{"line":14,"column":30},"end":{"line":14,"column":31}},"loc":{"start":{"line":14,"column":43},"end":{"line":14,"column":67}},"line":14},"12":{"name":"step","decl":{"start":{"line":15,"column":13},"end":{"line":15,"column":17}},"loc":{"start":{"line":15,"column":22},"end":{"line":36,"column":5}},"line":15},"13":{"name":"(anonymous_13)","decl":{"start":{"line":38,"column":56},"end":{"line":38,"column":57}},"loc":{"start":{"line":38,"column":71},"end":{"line":40,"column":1}},"line":38},"14":{"name":"(anonymous_14)","decl":{"start":{"line":50,"column":28},"end":{"line":50,"column":29}},"loc":{"start":{"line":50,"column":57},"end":{"line":65,"column":5}},"line":50},"15":{"name":"(anonymous_15)","decl":{"start":{"line":50,"column":100},"end":{"line":50,"column":101}},"loc":{"start":{"line":50,"column":112},"end":{"line":65,"column":1}},"line":50},"16":{"name":"(anonymous_16)","decl":{"start":{"line":52,"column":29},"end":{"line":52,"column":30}},"loc":{"start":{"line":52,"column":43},"end":{"line":64,"column":5}},"line":52},"17":{"name":"(anonymous_17)","decl":{"start":{"line":66,"column":29},"end":{"line":66,"column":30}},"loc":{"start":{"line":66,"column":58},"end":{"line":84,"column":5}},"line":66},"18":{"name":"(anonymous_18)","decl":{"start":{"line":66,"column":101},"end":{"line":66,"column":102}},"loc":{"start":{"line":66,"column":113},"end":{"line":84,"column":1}},"line":66},"19":{"name":"(anonymous_19)","decl":{"start":{"line":68,"column":29},"end":{"line":68,"column":30}},"loc":{"start":{"line":68,"column":43},"end":{"line":83,"column":5}},"line":68},"20":{"name":"(anonymous_20)","decl":{"start":{"line":85,"column":34},"end":{"line":85,"column":35}},"loc":{"start":{"line":85,"column":63},"end":{"line":89,"column":5}},"line":85},"21":{"name":"(anonymous_21)","decl":{"start":{"line":85,"column":106},"end":{"line":85,"column":107}},"loc":{"start":{"line":85,"column":118},"end":{"line":89,"column":1}},"line":85},"22":{"name":"(anonymous_22)","decl":{"start":{"line":86,"column":29},"end":{"line":86,"column":30}},"loc":{"start":{"line":86,"column":43},"end":{"line":88,"column":5}},"line":86},"23":{"name":"(anonymous_23)","decl":{"start":{"line":90,"column":35},"end":{"line":90,"column":36}},"loc":{"start":{"line":90,"column":64},"end":{"line":94,"column":5}},"line":90},"24":{"name":"(anonymous_24)","decl":{"start":{"line":90,"column":107},"end":{"line":90,"column":108}},"loc":{"start":{"line":90,"column":119},"end":{"line":94,"column":1}},"line":90},"25":{"name":"(anonymous_25)","decl":{"start":{"line":91,"column":29},"end":{"line":91,"column":30}},"loc":{"start":{"line":91,"column":43},"end":{"line":93,"column":5}},"line":91}},"branchMap":{"0":{"loc":{"start":{"line":2,"column":16},"end":{"line":10,"column":1}},"type":"binary-expr","locations":[{"start":{"line":2,"column":17},"end":{"line":2,"column":21}},{"start":{"line":2,"column":25},"end":{"line":2,"column":39}},{"start":{"line":2,"column":44},"end":{"line":10,"column":1}}],"line":2},"1":{"loc":{"start":{"line":3,"column":35},"end":{"line":3,"column":109}},"type":"cond-expr","locations":[{"start":{"line":3,"column":56},"end":{"line":3,"column":61}},{"start":{"line":3,"column":64},"end":{"line":3,"column":109}}],"line":3},"2":{"loc":{"start":{"line":4,"column":16},"end":{"line":4,"column":34}},"type":"binary-expr","locations":[{"start":{"line":4,"column":16},"end":{"line":4,"column":17}},{"start":{"line":4,"column":22},"end":{"line":4,"column":33}}],"line":4},"3":{"loc":{"start":{"line":7,"column":32},"end":{"line":7,"column":115}},"type":"cond-expr","locations":[{"start":{"line":7,"column":46},"end":{"line":7,"column":67}},{"start":{"line":7,"column":70},"end":{"line":7,"column":115}}],"line":7},"4":{"loc":{"start":{"line":8,"column":51},"end":{"line":8,"column":67}},"type":"binary-expr","locations":[{"start":{"line":8,"column":51},"end":{"line":8,"column":61}},{"start":{"line":8,"column":65},"end":{"line":8,"column":67}}],"line":8},"
[...]
,"/home/fsegall/Desktop/Omni/GoStack11/desafio-06/desafio_06/src/database/migrations/1598359216006-CreateTransactions.ts": {"path":"/home/fsegall/Desktop/Omni/GoStack11/desafio-06/desafio_06/src/database/migrations/1598359216006-CreateTransactions.ts","statementMap":{"0":{"start":{"line":1,"column":0},"end":{"line":1,"column":65}},"1":{"start":{"line":3,"column":0},"end":{"line":3,"column":null}},"2":{"start":{"line":5,"column":15},"end":{"line":42,"column":null}},"3":{"start":{"line":6,"column":4},"end":{"line":41,"column":null}},"4":{"start":{"line":44,"column":15},"end":{"line":46,"column":null}},"5":{"start":{"line":45,"column":4},"end":{"line":45,"column":48}},"6":{"start":{"line":48,"column":0},"end":{"line":48,"column":null}}},"fnMap":{"0":{"name":"(anonymous_13)","decl":{"start":{"line":3,"column":0},"end":{"line":3,"column":null}},"loc":{"start":{"line":3,"column":0},"end":{"line":48,"column":null}}},"1":{"name":"(anonymous_15)","decl":{"start":{"line":5,"column":2},"end":{"line":5,"column":15}},"loc":{"start":{"line":5,"column":42},"end":{"line":42,"column":null}}},"2":{"name":"(anonymous_18)","decl":{"start":{"line":44,"column":2},"end":{"line":44,"column":15}},"loc":{"start":{"line":44,"column":44},"end":{"line":46,"column":null}}}},"branchMap":{"0":{"loc":{"start":{"line":6,"column":4},"end":{"line":41,"column":null}},"type":"switch","locations":[{"start":{"line":6,"column":4},"end":{"line":41,"column":null}}]},"1":{"loc":{"start":{"line":45,"column":4},"end":{"line":45,"column":48}},"type":"switch","locations":[{"start":{"line":45,"column":4},"end":{"line":45,"column":48}}]}},"s":{"0":2,"1":2,"2":2,"3":2,"4":2,"5":0,"6":2},"f":{"0":4,"1":1,"2":0},"b":{"0":[1],"1":[0]}}
,"/home/fsegall/Desktop/Omni/GoStack11/desafio-06/desafio_06/src/database/migrations/1598359880813-CreateCategories.ts": {"path":"/home/fsegall/Desktop/Omni/GoStack11/desafio-06/desafio_06/src/database/migrations/1598359880813-CreateCategories.ts","statementMap":{"0":{"start":{"line":1,"column":0},"end":{"line":1,"column":65}},"1":{"start":{"line":3,"column":0},"end":{"line":3,"column":null}},"2":{"start":{"line":5,"column":15},"end":{"line":32,"column":null}},"3":{"start":{"line":6,"column":4},"end":{"line":31,"column":null}},"4":{"start":{"line":34,"column":15},"end":{"line":36,"column":null}},"5":{"start":{"line":35,"column":4},"end":{"line":35,"column":46}},"6":{"start":{"line":38,"column":0},"end":{"line":38,"column":null}}},"fnMap":{"0":{"name":"(anonymous_13)","decl":{"start":{"line":3,"column":0},"end":{"line":3,"column":null}},"loc":{"start":{"line":3,"column":0},"end":{"line":38,"column":null}}},"1":{"name":"(anonymous_15)","decl":{"start":{"line":5,"column":2},"end":{"line":5,"column":15}},"loc":{"start":{"line":5,"column":42},"end":{"line":32,"column":null}}},"2":{"name":"(anonymous_18)","decl":{"start":{"line":34,"column":2},"end":{"line":34,"column":15}},"loc":{"start":{"line":34,"column":44},"end":{"line":36,"column":null}}}},"branchMap":{"0":{"loc":{"start":{"line":6,"column":4},"end":{"line":31,"column":null}},"type":"switch","locations":[{"start":{"line":6,"column":4},"end":{"line":31,"column":null}}]},"1":{"loc":{"start":{"line":35,"column":4},"end":{"line":35,"column":46}},"type":"switch","locations":[{"start":{"line":35,"column":4},"end":{"line":35,"column":46}}]}},"s":{"0":2,"1":2,"2":2,"3":2,"4":2,"5":0,"6":2},"f":{"0":4,"1":1,"2":0},"b":{"0":[1],"1":[0]}}
,"/home/fsegall/Desktop/Omni/GoStack11/desafio-06/desafio_06/src/database/migrations/1598361528372-AddCategoryIdToTransactions.ts": {"path":"/home/fsegall/Desktop/Omni/GoStack11/desafio-06/desafio_06/src/database/migrations/1598361528372-AddCategoryIdToTransactions.ts","statementMap":{"0":{"start":{"line":1,"column":0},"end":{"line":1,"column":88}},"1":{"start":{"line":3,"column":0},"end":{"line":3,"column":null}},"2":{"start":{"line":5,"column":15},"end":{"line":24,"column":null}},"3":{"start":{"line":6,"column":4},"end":{"line":12,"column":6}},"4":{"start":{"line":13,"column":4},"end":{"line":23,"column":6}},"5":{"start":{"line":26,"column":15},"end":{"line":29,"column":null}},"6":{"start":{"line":27,"column":4},"end":{"line":27,"column":76}},"7":{"start":{"line":28,"column":4},"end":{"line":28,"column":64}},"8":{"start":{"line":31,"column":0},"end":{"line":31,"column":null}}},"fnMap":{"0":{"name":"(anonymous_13)","decl":{"start":{"line":3,"column":0},"end":{"line":3,"column":null}},"loc":{"start":{"line":3,"column":0},"end":{"line":31,"column":null}}},"1":{"name":"(anonymous_15)","decl":{"start":{"line":5,"column":2},"end":{"line":5,"column":15}},"loc":{"start":{"line":5,"column":42},"end":{"line":24,"column":null}}},"2":{"name":"(anonymous_18)","decl":{"start":{"line":26,"column":2},"end":{"line":26,"column":15}},"loc":{"start":{"line":26,"column":44},"end":{"line":29,"column":null}}}},"branchMap":{"0":{"loc":{"start":{"line":6,"column":4},"end":{"line":12,"column":6}},"type":"switch","locations":[{"start":{"line":6,"column":4},"end":{"line":12,"column":6}}]},"1":{"loc":{"start":{"line":27,"column":4},"end":{"line":27,"column":76}},"type":"switch","locations":[{"start":{"line":27,"column":4},"end":{"line":27,"column":76}}]}},"s":{"0":2,"1":2,"2":2,"3":2,"4":2,"5":2,"6":0,"7":0,"8":2},"f":{"0":4,"1":1,"2":0},"b":{"0":[1],"1":[0]}}
,"/home/fsegall/Desktop/Omni/GoStack11/desafio-06/desafio_06/src/errors/AppError.ts": {"path":"/home/fsegall/Desktop/Omni/GoStack11/desafio-06/desafio_06/src/errors/AppError.ts","statementMap":{"0":{"start":{"line":1,"column":0},"end":{"line":1,"column":null}},"1":{"start":{"line":6,"column":31},"end":{"line":6,"column":null}},"2":{"start":{"line":7,"column":4},"end":{"line":7,"column":27}},"3":{"start":{"line":8,"column":4},"end":{"line":8,"column":33}},"4":{"start":{"line":10,"column":0},"end":{"line":10,"column":null}},"5":{"start":{"line":12,"column":0},"end":{"line":12,"column":24}}},"fnMap":{"0":{"name":"(anonymous_0)","decl":{"start":{"line":1,"column":0},"end":{"line":1,"column":null}},"loc":{"start":{"line":1,"column":0},"end":{"line":10,"column":null}}},"1":{"name":"AppError","decl":{"start":{"line":6,"column":2},"end":{"line":6,"column":14}},"loc":{"start":{"line":6,"column":47},"end":{"line":9,"column":3}}}},"branchMap":{"0":{"loc":{"start":{"line":6,"column":31},"end":{"line":6,"column":null}},"type":"if","locations":[{"start":{"line":6,"column":31},"end":{"line":6,"column":null}},{"start":{"line":6,"column":31},"end":{"line":6,"column":null}}]}},"s":{"0":1,"1":0,"2":0,"3":0,"4":1,"5":1},"f":{"0":1,"1":0},"b":{"0":[0,0]}}
,"/home/fsegall/Desktop/Omni/GoStack11/desafio-06/desafio_06/src/models/Category.ts": {"path":"/home/fsegall/Desktop/Omni/GoStack11/desafio-06/desafio_06/src/models/Category.ts","statementMap":{"0":{"start":{"line":1,"column":0},"end":{"line":1,"column":null}},"1":{"start":{"line":12,"column":0},"end":{"line":12,"column":6}},"2":{"start":{"line":15,"column":2},"end":{"line":15,"column":null}},"3":{"start":{"line":18,"column":2},"end":{"line":18,"column":null}},"4":{"start":{"line":21,"column":2},"end":{"line":21,"column":null}},"5":{"start":{"line":24,"column":2},"end":{"line":24,"column":null}},"6":{"start":{"line":12,"column":6},"end":{"line":25,"column":null}},"7":{"start":{"line":25,"column":0},"end":{"line":25,"column":null}},"8":{"start":{"line":27,"column":0},"end":{"line":27,"column":24}}},"fnMap":{"0":{"name":"(anonymous_2)","decl":{"start":{"line":12,"column":0},"end":{"line":12,"column":6}},"loc":{"start":{"line":12,"column":0},"end":{"line":12,"column":6}}}},"branchMap":{},"s":{"0":2,"1":2,"2":2,"3":2,"4":2,"5":2,"6":2,"7":2,"8":2},"f":{"0":25},"b":{}}
,"/home/fsegall/Desktop/Omni/GoStack11/desafio-06/desafio_06/src/models/Transaction.ts": {"path":"/home/fsegall/Desktop/Omni/GoStack11/desafio-06/desafio_06/src/models/Transaction.ts","statementMap":{"0":{"start":{"line":1,"column":0},"end":{"line":1,"column":124}},"1":{"start":{"line":2,"column":0},"end":{"line":2,"column":34}},"2":{"start":{"line":5,"column":0},"end":{"line":5,"column":6}},"3":{"start":{"line":7,"column":2},"end":{"line":7,"column":null}},"4":{"start":{"line":10,"column":2},"end":{"line":10,"column":null}},"5":{"start":{"line":13,"column":2},"end":{"line":13,"column":null}},"6":{"start":{"line":16,"column":2},"end":{"line":16,"column":null}},"7":{"start":{"line":20,"column":2},"end":{"line":20,"column":null}},"8":{"start":{"line":18,"column":19},"end":{"line":18,"column":28}},"9":{"start":{"line":23,"column":2},"end":{"line":23,"column":null}},"10":{"start":{"line":26,"column":2},"end":{"line":26,"column":null}},"11":{"start":{"line":29,"column":2},"end":{"line":29,"column":null}},"12":{"start":{"line":5,"column":6},"end":{"line":30,"column":null}},"13":{"start":{"line":30,"column":0},"end":{"line":30,"column":null}},"14":{"start":{"line":32,"column":0},"end":{"line":32,"column":27}}},"fnMap":{"0":{"name":"(anonymous_3)","decl":{"start":{"line":5,"column":0},"end":{"line":5,"column":6}},"loc":{"start":{"line":5,"column":0},"end":{"line":5,"column":6}}},"1":{"name":"(anonymous_5)","decl":{"start":{"line":18,"column":13},"end":{"line":18,"column":19}},"loc":{"start":{"line":18,"column":13},"end":{"line":18,"column":27}}}},"branchMap":{},"s":{"0":2,"1":2,"2":2,"3":2,"4":2,"5":2,"6":2,"7":2,"8":4,"9":2,"10":2,"11":2,"12":2,"13":2,"14":2},"f":{"0":22,"1":4},"b":{}}
,"/home/fsegall/Desktop/Omni/GoStack11/desafio-06/desafio_06/src/repositories/TransactionsRepository.ts": {"path":"/home/fsegall/Desktop/Omni/GoStack11/desafio-06/desafio_06/src/repositories/TransactionsRepository.ts","statementMap":{"0":{"start":{"line":1,"column":0},"end":{"line":1,"column":55}},"1":{"start":{"line":3,"column":0},"end":{"line":3,"column":48}},"2":{"start":{"line":12,"column":0},"end":{"line":12,"column":60}},"3":{"start":{"line":12,"column":37},"end":{"line":12,"column":47}},"4":{"start":{"line":13,"column":15},"end":{"line":40,"column":null}},"5":{"start":{"line":14,"column":25},"end":{"line":14,"column":null}},"6":{"start":{"line":14,"column":10},"end":{"line":14,"column":null}},"7":{"start":{"line":16,"column":10},"end":{"line":16,"column":32}},"8":{"start":{"line":18,"column":6},"end":{"line":27,"column":null}},"9":{"start":{"line":20,"column":10},"end":{"line":20,"column":58}},"10":{"start":{"line":21,"column":10},"end":{"line":21,"column":16}},"11":{"start":{"line":23,"column":10},"end":{"line":23,"column":59}},"12":{"start":{"line":24,"column":10},"end":{"line":24,"column":16}},"13":{"start":{"line":26,"column":10},"end":{"line":26,"column":16}},"14":{"start":{"line":29,"column":6},"end":{"line":29,"column":25}},"15":{"start":{"line":37,"column":10},"end":{"line":37,"column":35}},"16":{"start":{"line":39,"column":4},"end":{"line":39,"column":null}},"17":{"start":{"line":12,"column":6},"end":{"line":41,"column":null}},"18":{"start":{"line":41,"column":0},"end":{"line":41,"column":null}},"19":{"start":{"line":43,"column":0},"end":{"line":43,"column":38}}},"fnMap":{"0":{"name":"(anonymous_21)","decl":{"start":{"line":12,"column":0},"end":{"line":12,"column":6}},"loc":{"start":{"line":12,"column":0},"end":{"line":12,"column":6}}},"1":{"name":"(anonymous_23)","decl":{"start":{"line":13,"column":2},"end":{"line":13,"column":15}},"loc":{"start":{"line":13,"column":2},"end":{"line":40,"column":null}}},"2":{"name":"(anonymous_26)","decl":{"start":{"line":16,"column":52},"end":{"line":16,"column":53}},"loc":{"start":{"line":16,"column":77},"end":{"line":31,"column":5}}}},"branchMap":{"0":{"loc":{"start":{"line":14,"column":25},"end":{"line":14,"column":null}},"type":"switch","locations":[{"start":{"line":14,"column":25},"end":{"line":14,"column":null}}]},"1":{"loc":{"start":{"line":19,"column":8},"end":{"line":21,"column":16}},"type":"switch","locations":[{"start":{"line":19,"column":8},"end":{"line":21,"column":16}},{"start":{"line":22,"column":8},"end":{"line":24,"column":16}},{"start":{"line":25,"column":8},"end":{"line":26,"column":16}}]}},"s":{"0":1,"1":1,"2":1,"3":1,"4":1,"5":1,"6":1,"7":1,"8":3,"9":2,"10":2,"11":1,"12":1,"13":0,"14":3,"15":1,"16":1,"17":1,"18":1,"19":1},"f":{"0":11,"1":1,"2":3},"b":{"0":[1],"1":[2,1,0]}}
,"/home/fsegall/Desktop/Omni/GoStack11/desafio-06/desafio_06/src/routes/index.ts": {"path":"/home/fsegall/Desktop/Omni/GoStack11/desafio-06/desafio_06/src/routes/index.ts","statementMap":{"0":{"start":{"line":1,"column":0},"end":{"line":1,"column":33}},"1":{"start":{"line":3,"column":0},"end":{"line":3,"column":55}},"2":{"start":{"line":5,"column":15},"end":{"line":5,"column":23}},"3":{"start":{"line":7,"column":0},"end":{"line":7,"column":48}},"4":{"start":{"line":9,"column":0},"end":{"line":9,"column":22}}},"fnMap":{},"branchMap":{},"s":{"0":1,"1":1,"2":1,"3":1,"4":1},"f":{},"b":{}}
,"/home/fsegall/Desktop/Omni/GoStack11/desafio-06/desafio_06/src/routes/transactions.routes.ts": {"path":"/home/fsegall/Desktop/Omni/GoStack11/desafio-06/desafio_06/src/routes/transactions.routes.ts","statementMap":{"0":{"start":{"line":1,"column":0},"end":{"line":1,"column":33}},"1":{"start":{"line":2,"column":0},"end":{"line":2,"column":45}},"2":{"start":{"line":3,"column":0},"end":{"line":3,"column":76}},"3":{"start":{"line":4,"column":0},"end":{"line":4,"column":76}},"4":{"start":{"line":9,"column":27},"end":{"line":9,"column":35}},"5":{"start":{"line":11,"column":0},"end":{"line":20,"column":3}},"6":{"start":{"line":11,"column":52},"end":{"line":20,"column":2}},"7":{"start":{"line":12,"column":8},"end":{"line":12,"column":77}},"8":{"start":{"line":14,"column":23},"end":{"line":14,"column":null}},"9":{"start":{"line":14,"column":8},"end":{"line":14,"column":null}},"10":{"start":{"line":16,"column":18},"end":{"line":16,"column":null}},"11":{"start":{"line":16,"column":8},"end":{"line":16,"column":null}},"12":{"start":{"line":18,"column":2},"end":{"line":18,"column":50}},"13":{"start":{"line":22,"column":0},"end":{"line":35,"column":3}},"14":{"start":{"line":22,"column":53},"end":{"line":35,"column":2}},"15":{"start":{"line":23,"column":8},"end":{"line":23,"column":43}},"16":{"start":{"line":25,"column":8},"end":{"line":25,"column":59}},"17":{"start":{"line":27,"column":22},"end":{"line":32,"column":null}},"18":{"start":{"line":27,"column":8},"end":{"line":32,"column":null}},"19":{"start":{"line":34,"column":2},"end":{"line":34,"column":36}},"20":{"start":{"line":37,"column":0},"end":{"line":39,"column":3}},"21":{"start":{"line":37,"column":58},"end":{"line":39,"column":2}},"22":{"start":{"line":41,"column":0},"end":{"line":43,"column":3}},"23":{"start":{"line":41,"column":59},"end":{"line":43,"column":2}},"24":{"start":{"line":45,"column":0},"end":{"line":45,"column":34}}},"fnMap":{"0":{"name":"(anonymous_14)","decl":{"start":{"line":11,"column":28},"end":{"line":11,"column":35}},"loc":{"start":{"line":11,"column":52},"end":{"line":20,"column":2}}},"1":{"name":"(anonymous_15)","decl":{"start":{"line":11,"column":52},"end":{"line":11,"column":null}},"loc":{"start":{"line":11,"column":52},"end":{"line":20,"column":2}}},"2":{"name":"(anonymous_17)","decl":{"start":{"line":22,"column":29},"end":{"line":22,"column":36}},"loc":{"start":{"line":22,"column":53},"end":{"line":35,"column":2}}},"3":{"name":"(anonymous_18)","decl":{"start":{"line":22,"column":53},"end":{"line":22,"column":null}},"loc":{"start":{"line":22,"column":53},"end":{"line":35,"column":2}}},"4":{"name":"(anonymous_20)","decl":{"start":{"line":37,"column":34},"end":{"line":37,"column":41}},"loc":{"start":{"line":37,"column":58},"end":{"line":39,"column":2}}},"5":{"name":"(anonymous_21)","decl":{"start":{"line":37,"column":58},"end":{"line":37,"column":null}},"loc":{"start":{"line":37,"column":58},"end":{"line":39,"column":2}}},"6":{"name":"(anonymous_23)","decl":{"start":{"line":41,"column":35},"end":{"line":41,"column":42}},"loc":{"start":{"line":41,"column":59},"end":{"line":43,"column":2}}},"7":{"name":"(anonymous_24)","decl":{"start":{"line":41,"column":59},"end":{"line":41,"column":null}},"loc":{"start":{"line":41,"column":59},"end":{"line":43,"column":2}}}},"branchMap":{},"s":{"0":1,"1":1,"2":1,"3":1,"4":1,"5":1,"6":1,"7":1,"8":1,"9":1,"10":1,"11":1,"12":1,"13":1,"14":9,"15":9,"16":9,"17":9,"18":9,"19":8,"20":1,"21":1,"22":1,"23":1,"24":1},"f":{"0":1,"1":1,"2":9,"3":9,"4":1,"5":1,"6":1,"7":1},"b":{}}
,"/home/fsegall/Desktop/Omni/GoStack11/desafio-06/desafio_06/src/services/CreateTransactionService.ts": {"path":"/home/fsegall/Desktop/Omni/GoStack11/desafio-06/desafio_06/src/services/CreateTransactionService.ts","statementMap":{"0":{"start":{"line":3,"column":0},"end":{"line":3,"column":73}},"1":{"start":{"line":5,"column":0},"end":{"line":5,"column":76}},"2":{"start":{"line":6,"column":0},"end":{"line":6,"column":42}},"3":{"start":{"line":14,"column":0},"end":{"line":14,"column":null}},"4":{"start":{"line":15,"column":15},"end":{"line":45,"column":null}},"5":{"start":{"line":15,"column":25},"end":{"line":15,"column":30}},"6":{"start":{"line":15,"column":32},"end":{"line":15,"column":37}},"7":{"start":{"line":15,"column":39},"end":{"line":15,"column":43}},"8":{"start":{"line":15,"column":45},"end":{"line":15,"column":53}},"9":{"start":{"line":16,"column":10},"end":{"line":16,"column":79}},"10":{"start":{"line":18,"column":10},"end":{"line":18,"column":null}},"11":{"start":{"line":20,"column":30},"end":{"line":24,"column":null}},"12":{"start":{"line":20,"column":8},"end":{"line":24,"column":null}},"13":{"start":{"line":26,"column":8},"end":{"line":26,"column":9}},"14":{"start":{"line":27,"column":6},"end":{"line":29,"column":null}},"15":{"start":{"line":31,"column":6},"end":{"line":31,"column":null}},"16":{"start":{"line":34,"column":10},"end":{"line":39,"column":null}},"17":{"start":{"line":41,"column":4},"end":{"line":41,"column":51}},"18":{"start":{"line":43,"column":4},"end":{"line":43,"column":23}},"19":{"start":{"line":46,"column":0},"end":{"line":46,"column":null}},"20":{"start":{"line":48,"column":0},"end":{"line":48,"column":40}}},"fnMap":{"0":{"name":"(anonymous_14)","decl":{"start":{"line":14,"column":0},"end":{"line":14,"column":null}},"loc":{"start":{"line":14,"column":0},"end":{"line":46,"column":null}}},"1":{"name":"(anonymous_16)","decl":{"start":{"line":15,"column":2},"end":{"line":15,"column":15}},"loc":{"start":{"line":15,"column":64},"end":{"line":45,"column":null}}}},"branchMap":{"0":{"loc":{"start":{"line":26,"column":8},"end":{"line":26,"column":9}},"type":"if","locations":[{"start":{"line":26,"column":8},"end":{"line":26,"column":9}},{"start":{"line":26,"column":8},"end":{"line":26,"column":9}}]}},"s":{"0":1,"1":1,"2":1,"3":1,"4":1,"5":9,"6":9,"7":9,"8":9,"9":9,"10":9,"11":9,"12":9,"13":11,"14":7,"15":14,"16":9,"17":18,"18":8,"19":1,"20":1},"f":{"0":10,"1":9},"b":{"0":[2,7]}}
}
