TN:
SF:dist/src/app.js
FN:2,(anonymous_0)
FN:17,(anonymous_1)
FNF:2
FNH:2
FNDA:4,(anonymous_0)
FNDA:6,(anonymous_1)
DA:2,1
DA:3,4
DA:5,1
DA:6,1
DA:7,1
DA:8,1
DA:9,1
DA:10,1
DA:11,1
DA:12,1
DA:13,1
DA:14,1
DA:15,1
DA:16,1
DA:17,1
DA:18,6
DA:19,0
DA:24,6
DA:25,6
DA:30,1
LF:20
LH:19
BRDA:2,0,0,1
BRDA:2,0,1,1
BRDA:2,0,2,1
BRDA:3,1,0,3
BRDA:3,1,1,1
BRDA:3,2,0,4
BRDA:3,2,1,4
BRDA:18,3,0,0
BRDA:18,3,1,6
BRF:9
BRH:8
end_of_record
TN:
SF:dist/src/database/index.js
FN:2,(anonymous_0)
FN:3,adopt
FN:3,(anonymous_2)
FN:4,(anonymous_3)
FN:5,fulfilled
FN:6,rejected
FN:7,step
FN:11,(anonymous_7)
FN:12,(anonymous_8)
FN:13,(anonymous_9)
FN:14,verb
FN:14,(anonymous_11)
FN:15,step
FN:40,(anonymous_13)
FN:42,(anonymous_14)
FN:44,(anonymous_15)
FNF:16
FNH:13
FNDA:2,(anonymous_0)
FNDA:2,adopt
FNDA:0,(anonymous_2)
FNDA:2,(anonymous_3)
FNDA:2,fulfilled
FNDA:0,rejected
FNDA:4,step
FNDA:2,(anonymous_7)
FNDA:2,(anonymous_8)
FNDA:0,(anonymous_9)
FNDA:6,verb
FNDA:4,(anonymous_11)
FNDA:4,step
FNDA:2,(anonymous_13)
FNDA:2,(anonymous_14)
FNDA:4,(anonymous_15)
DA:2,1
DA:3,2
DA:4,2
DA:5,2
DA:6,0
DA:7,4
DA:8,2
DA:11,1
DA:12,2
DA:13,2
DA:14,6
DA:16,4
DA:17,8
DA:18,8
DA:19,8
DA:20,8
DA:21,4
DA:22,2
DA:23,0
DA:24,0
DA:26,2
DA:27,0
DA:28,0
DA:29,0
DA:30,0
DA:31,0
DA:33,4
DA:34,8
DA:35,2
DA:38,1
DA:39,1
DA:40,1
DA:41,2
DA:42,2
DA:44,2
DA:45,4
DA:46,2
DA:48,2
DA:49,2
LF:39
LH:31
BRDA:2,0,0,1
BRDA:2,0,1,1
BRDA:2,0,2,1
BRDA:3,1,0,2
BRDA:3,1,1,0
BRDA:4,2,0,2
BRDA:4,2,1,2
BRDA:7,3,0,2
BRDA:7,3,1,2
BRDA:8,4,0,2
BRDA:8,4,1,2
BRDA:11,5,0,1
BRDA:11,5,1,1
BRDA:11,5,2,1
BRDA:12,6,0,0
BRDA:12,6,1,2
BRDA:13,7,0,2
BRDA:13,7,1,2
BRDA:16,8,0,0
BRDA:16,8,1,4
BRDA:18,9,0,0
BRDA:18,9,1,8
BRDA:18,10,0,8
BRDA:18,10,1,0
BRDA:18,10,2,0
BRDA:18,11,0,0
BRDA:18,11,1,0
BRDA:18,12,0,0
BRDA:18,12,1,0
BRDA:18,13,0,0
BRDA:18,13,1,0
BRDA:18,14,0,0
BRDA:18,14,1,0
BRDA:19,15,0,0
BRDA:19,15,1,8
BRDA:20,16,0,4
BRDA:20,16,1,4
BRDA:20,16,2,2
BRDA:20,16,3,0
BRDA:20,16,4,0
BRDA:20,16,5,2
BRDA:26,17,0,2
BRDA:26,17,1,0
BRDA:26,18,0,2
BRDA:26,18,1,2
BRDA:26,18,2,2
BRDA:26,19,0,2
BRDA:26,19,1,0
BRDA:27,20,0,0
BRDA:27,20,1,0
BRDA:27,21,0,0
BRDA:27,21,1,0
BRDA:27,21,2,0
BRDA:27,21,3,0
BRDA:28,22,0,0
BRDA:28,22,1,0
BRDA:28,23,0,0
BRDA:28,23,1,0
BRDA:29,24,0,0
BRDA:29,24,1,0
BRDA:29,25,0,0
BRDA:29,25,1,0
BRDA:30,26,0,0
BRDA:30,26,1,0
BRDA:35,27,0,0
BRDA:35,27,1,2
BRDA:35,28,0,2
BRDA:35,28,1,0
BRDA:41,29,0,1
BRDA:41,29,1,1
BRDA:45,30,0,2
BRDA:45,30,1,2
BRDA:51,31,0,2
BRDA:51,31,1,0
BRF:74
BRH:36
end_of_record
TN:
SF:dist/src/errors/AppError.js
FN:3,(anonymous_0)
FN:4,AppError
FNF:2
FNH:1
FNDA:1,(anonymous_0)
FNDA:0,AppError
DA:2,1
DA:3,1
DA:5,0
DA:6,0
DA:7,0
DA:9,1
DA:11,1
LF:7
LH:4
BRDA:5,0,0,0
BRDA:5,0,1,0
BRF:2
BRH:0
end_of_record
TN:
SF:dist/src/models/Category.js
FN:2,(anonymous_0)
FN:8,(anonymous_1)
FN:13,(anonymous_2)
FN:14,Category
FNF:4
FNH:3
FNDA:5,(anonymous_0)
FNDA:4,(anonymous_1)
FNDA:1,(anonymous_2)
FNDA:0,Category
DA:2,1
DA:3,5
DA:4,5
DA:5,0
DA:6,5
DA:8,1
DA:9,4
DA:11,1
DA:12,1
DA:13,1
DA:16,1
DA:20,1
DA:24,1
DA:28,1
DA:32,1
DA:35,1
DA:37,1
LF:17
LH:16
BRDA:2,0,0,1
BRDA:2,0,1,1
BRDA:2,0,2,1
BRDA:3,1,0,1
BRDA:3,1,1,4
BRDA:3,2,0,0
BRDA:3,2,1,4
BRDA:4,3,0,5
BRDA:4,3,1,0
BRDA:4,4,0,5
BRDA:4,4,1,5
BRDA:5,5,0,0
BRDA:5,5,1,0
BRDA:5,6,0,0
BRDA:5,6,1,0
BRDA:5,7,0,0
BRDA:5,7,1,0
BRDA:5,8,0,0
BRDA:5,8,1,0
BRDA:6,9,0,5
BRDA:6,9,1,4
BRDA:6,9,2,0
BRDA:8,10,0,1
BRDA:8,10,1,1
BRDA:8,10,2,1
BRDA:9,11,0,4
BRDA:9,11,1,0
BRDA:9,12,0,4
BRDA:9,12,1,4
BRF:29
BRH:17
end_of_record
TN:
SF:dist/src/models/Transaction.js
FN:2,(anonymous_0)
FN:8,(anonymous_1)
FN:11,(anonymous_2)
FN:17,(anonymous_3)
FN:18,Transaction
FN:37,(anonymous_5)
FNF:6
FNH:4
FNDA:9,(anonymous_0)
FNDA:8,(anonymous_1)
FNDA:1,(anonymous_2)
FNDA:1,(anonymous_3)
FNDA:0,Transaction
FNDA:0,(anonymous_5)
DA:2,1
DA:3,9
DA:4,9
DA:5,0
DA:6,9
DA:8,1
DA:9,8
DA:11,1
DA:12,1
DA:14,1
DA:15,1
DA:16,1
DA:17,1
DA:20,1
DA:24,1
DA:28,1
DA:32,1
DA:36,1
DA:37,0
DA:41,1
DA:45,1
DA:49,1
DA:53,1
DA:56,1
DA:58,1
LF:25
LH:23
BRDA:2,0,0,1
BRDA:2,0,1,1
BRDA:2,0,2,1
BRDA:3,1,0,1
BRDA:3,1,1,8
BRDA:3,2,0,0
BRDA:3,2,1,8
BRDA:4,3,0,9
BRDA:4,3,1,0
BRDA:4,4,0,9
BRDA:4,4,1,9
BRDA:5,5,0,0
BRDA:5,5,1,0
BRDA:5,6,0,0
BRDA:5,6,1,0
BRDA:5,7,0,0
BRDA:5,7,1,0
BRDA:5,8,0,0
BRDA:5,8,1,0
BRDA:6,9,0,9
BRDA:6,9,1,8
BRDA:6,9,2,0
BRDA:8,10,0,1
BRDA:8,10,1,1
BRDA:8,10,2,1
BRDA:9,11,0,8
BRDA:9,11,1,0
BRDA:9,12,0,8
BRDA:9,12,1,8
BRDA:11,13,0,1
BRDA:11,13,1,1
BRDA:11,13,2,1
BRDA:12,14,0,1
BRDA:12,14,1,0
BRDA:12,15,0,1
BRDA:12,15,1,1
BRF:36
BRH:23
end_of_record
TN:
SF:dist/src/repositories/TransactionsRepository.js
FN:2,(anonymous_0)
FN:3,(anonymous_1)
FN:5,(anonymous_2)
FN:6,(anonymous_3)
FN:9,(anonymous_4)
FN:11,__
FN:15,(anonymous_6)
FN:21,(anonymous_7)
FN:22,adopt
FN:22,(anonymous_9)
FN:23,(anonymous_10)
FN:24,fulfilled
FN:25,rejected
FN:26,step
FN:30,(anonymous_14)
FN:31,(anonymous_15)
FN:32,(anonymous_16)
FN:33,verb
FN:33,(anonymous_18)
FN:34,step
FN:57,(anonymous_20)
FN:63,(anonymous_21)
FN:65,TransactionsRepository
FN:68,(anonymous_23)
FN:69,(anonymous_24)
FN:71,(anonymous_25)
FN:76,(anonymous_26)
FNF:27
FNH:7
FNDA:1,(anonymous_0)
FNDA:1,(anonymous_1)
FNDA:0,(anonymous_2)
FNDA:0,(anonymous_3)
FNDA:1,(anonymous_4)
FNDA:1,__
FNDA:1,(anonymous_6)
FNDA:0,(anonymous_7)
FNDA:0,adopt
FNDA:0,(anonymous_9)
FNDA:0,(anonymous_10)
FNDA:0,fulfilled
FNDA:0,rejected
FNDA:0,step
FNDA:0,(anonymous_14)
FNDA:0,(anonymous_15)
FNDA:0,(anonymous_16)
FNDA:0,verb
FNDA:0,(anonymous_18)
FNDA:0,step
FNDA:1,(anonymous_20)
FNDA:1,(anonymous_21)
FNDA:0,TransactionsRepository
FNDA:0,(anonymous_23)
FNDA:0,(anonymous_24)
FNDA:0,(anonymous_25)
FNDA:0,(anonymous_26)
DA:2,1
DA:3,1
DA:4,1
DA:5,0
DA:6,0
DA:7,1
DA:9,1
DA:10,1
DA:11,1
DA:12,1
DA:15,1
DA:16,1
DA:17,1
DA:18,0
DA:19,1
DA:21,1
DA:22,0
DA:23,0
DA:24,0
DA:25,0
DA:26,0
DA:27,0
DA:30,1
DA:31,0
DA:32,0
DA:33,0
DA:35,0
DA:36,0
DA:37,0
DA:38,0
DA:39,0
DA:40,0
DA:41,0
DA:42,0
DA:43,0
DA:45,0
DA:46,0
DA:47,0
DA:48,0
DA:49,0
DA:50,0
DA:52,0
DA:53,0
DA:54,0
DA:57,1
DA:58,1
DA:60,1
DA:61,1
DA:62,1
DA:63,1
DA:64,1
DA:66,0
DA:68,1
DA:69,0
DA:71,0
DA:72,0
DA:73,0
DA:75,0
DA:76,0
DA:77,0
DA:79,0
DA:80,0
DA:82,0
DA:83,0
DA:85,0
DA:87,0
DA:93,0
DA:94,0
DA:99,1
DA:102,1
DA:104,1
LF:71
LH:25
BRDA:2,0,0,1
BRDA:2,0,1,1
BRDA:2,0,2,1
BRDA:4,1,0,1
BRDA:4,1,1,0
BRDA:4,1,2,0
BRDA:4,1,3,0
BRDA:6,2,0,0
BRDA:6,2,1,0
BRDA:12,3,0,0
BRDA:12,3,1,1
BRDA:15,4,0,1
BRDA:15,4,1,1
BRDA:15,4,2,1
BRDA:16,5,0,1
BRDA:16,5,1,0
BRDA:16,6,0,0
BRDA:16,6,1,0
BRDA:17,7,0,1
BRDA:17,7,1,0
BRDA:17,8,0,1
BRDA:17,8,1,1
BRDA:18,9,0,0
BRDA:18,9,1,0
BRDA:18,10,0,0
BRDA:18,10,1,0
BRDA:18,11,0,0
BRDA:18,11,1,0
BRDA:18,12,0,0
BRDA:18,12,1,0
BRDA:19,13,0,1
BRDA:19,13,1,0
BRDA:19,13,2,0
BRDA:21,14,0,1
BRDA:21,14,1,1
BRDA:21,14,2,1
BRDA:22,15,0,0
BRDA:22,15,1,0
BRDA:23,16,0,0
BRDA:23,16,1,0
BRDA:26,17,0,0
BRDA:26,17,1,0
BRDA:27,18,0,0
BRDA:27,18,1,0
BRDA:30,19,0,1
BRDA:30,19,1,1
BRDA:30,19,2,1
BRDA:31,20,0,0
BRDA:31,20,1,0
BRDA:32,21,0,0
BRDA:32,21,1,0
BRDA:35,22,0,0
BRDA:35,22,1,0
BRDA:37,23,0,0
BRDA:37,23,1,0
BRDA:37,24,0,0
BRDA:37,24,1,0
BRDA:37,24,2,0
BRDA:37,25,0,0
BRDA:37,25,1,0
BRDA:37,26,0,0
BRDA:37,26,1,0
BRDA:37,27,0,0
BRDA:37,27,1,0
BRDA:37,28,0,0
BRDA:37,28,1,0
BRDA:38,29,0,0
BRDA:38,29,1,0
BRDA:39,30,0,0
BRDA:39,30,1,0
BRDA:39,30,2,0
BRDA:39,30,3,0
BRDA:39,30,4,0
BRDA:39,30,5,0
BRDA:45,31,0,0
BRDA:45,31,1,0
BRDA:45,32,0,0
BRDA:45,32,1,0
BRDA:45,32,2,0
BRDA:45,33,0,0
BRDA:45,33,1,0
BRDA:46,34,0,0
BRDA:46,34,1,0
BRDA:46,35,0,0
BRDA:46,35,1,0
BRDA:46,35,2,0
BRDA:46,35,3,0
BRDA:47,36,0,0
BRDA:47,36,1,0
BRDA:47,37,0,0
BRDA:47,37,1,0
BRDA:48,38,0,0
BRDA:48,38,1,0
BRDA:48,39,0,0
BRDA:48,39,1,0
BRDA:49,40,0,0
BRDA:49,40,1,0
BRDA:54,41,0,0
BRDA:54,41,1,0
BRDA:54,42,0,0
BRDA:54,42,1,0
BRDA:57,43,0,1
BRDA:57,43,1,1
BRDA:57,43,2,1
BRDA:58,44,0,1
BRDA:58,44,1,0
BRDA:58,45,0,1
BRDA:58,45,1,1
BRDA:66,46,0,0
BRDA:66,46,1,0
BRDA:66,46,2,0
BRDA:72,47,0,0
BRDA:72,47,1,0
BRDA:77,48,0,0
BRDA:77,48,1,0
BRDA:77,48,2,0
BRF:116
BRH:25
end_of_record
TN:
SF:dist/src/routes/index.js
FN:2,(anonymous_0)
FNF:1
FNH:1
FNDA:1,(anonymous_0)
DA:2,1
DA:3,1
DA:5,1
DA:6,1
DA:7,1
DA:8,1
DA:9,1
DA:10,1
LF:8
LH:8
BRDA:2,0,0,1
BRDA:2,0,1,1
BRDA:2,0,2,1
BRDA:3,1,0,1
BRDA:3,1,1,0
BRDA:3,2,0,1
BRDA:3,2,1,1
BRF:7
BRH:6
end_of_record
TN:
SF:dist/src/routes/transactions.routes.js
FN:2,(anonymous_0)
FN:3,adopt
FN:3,(anonymous_2)
FN:4,(anonymous_3)
FN:5,fulfilled
FN:6,rejected
FN:7,step
FN:11,(anonymous_7)
FN:12,(anonymous_8)
FN:13,(anonymous_9)
FN:14,verb
FN:14,(anonymous_11)
FN:15,step
FN:38,(anonymous_13)
FN:50,(anonymous_14)
FN:50,(anonymous_15)
FN:52,(anonymous_16)
FN:66,(anonymous_17)
FN:66,(anonymous_18)
FN:68,(anonymous_19)
FN:85,(anonymous_20)
FN:85,(anonymous_21)
FN:86,(anonymous_22)
FN:90,(anonymous_23)
FN:90,(anonymous_24)
FN:91,(anonymous_25)
FNF:26
FNH:17
FNDA:6,(anonymous_0)
FNDA:5,adopt
FNDA:0,(anonymous_2)
FNDA:6,(anonymous_3)
FNDA:0,fulfilled
FNDA:5,rejected
FNDA:5,step
FNDA:6,(anonymous_7)
FNDA:5,(anonymous_8)
FNDA:0,(anonymous_9)
FNDA:18,verb
FNDA:11,(anonymous_11)
FNDA:11,step
FNDA:2,(anonymous_13)
FNDA:1,(anonymous_14)
FNDA:1,(anonymous_15)
FNDA:1,(anonymous_16)
FNDA:5,(anonymous_17)
FNDA:5,(anonymous_18)
FNDA:10,(anonymous_19)
FNDA:0,(anonymous_20)
FNDA:0,(anonymous_21)
FNDA:0,(anonymous_22)
FNDA:0,(anonymous_23)
FNDA:0,(anonymous_24)
FNDA:0,(anonymous_25)
DA:2,1
DA:3,5
DA:4,6
DA:5,0
DA:6,5
DA:7,5
DA:8,6
DA:11,1
DA:12,6
DA:13,6
DA:14,18
DA:16,11
DA:17,22
DA:18,22
DA:19,22
DA:20,22
DA:21,11
DA:22,5
DA:23,0
DA:24,0
DA:26,6
DA:27,0
DA:28,0
DA:29,0
DA:30,0
DA:31,0
DA:33,11
DA:34,22
DA:35,6
DA:38,1
DA:39,2
DA:41,1
DA:42,1
DA:43,1
DA:44,1
DA:45,1
DA:49,1
DA:50,1
DA:52,1
DA:53,1
DA:55,1
DA:56,0
DA:58,0
DA:59,0
DA:61,0
DA:62,0
DA:66,5
DA:68,5
DA:69,10
DA:71,5
DA:72,5
DA:73,5
DA:80,5
DA:81,0
DA:85,1
DA:86,0
DA:87,0
DA:90,1
DA:91,0
DA:92,0
DA:95,1
LF:61
LH:43
BRDA:2,0,0,1
BRDA:2,0,1,1
BRDA:2,0,2,1
BRDA:3,1,0,5
BRDA:3,1,1,0
BRDA:4,2,0,6
BRDA:4,2,1,6
BRDA:7,3,0,0
BRDA:7,3,1,5
BRDA:8,4,0,6
BRDA:8,4,1,6
BRDA:11,5,0,1
BRDA:11,5,1,1
BRDA:11,5,2,1
BRDA:12,6,0,5
BRDA:12,6,1,0
BRDA:13,7,0,6
BRDA:13,7,1,6
BRDA:16,8,0,0
BRDA:16,8,1,11
BRDA:18,9,0,0
BRDA:18,9,1,22
BRDA:18,10,0,22
BRDA:18,10,1,0
BRDA:18,10,2,0
BRDA:18,11,0,0
BRDA:18,11,1,0
BRDA:18,12,0,0
BRDA:18,12,1,0
BRDA:18,13,0,0
BRDA:18,13,1,0
BRDA:18,14,0,0
BRDA:18,14,1,0
BRDA:19,15,0,0
BRDA:19,15,1,22
BRDA:20,16,0,6
BRDA:20,16,1,11
BRDA:20,16,2,5
BRDA:20,16,3,0
BRDA:20,16,4,0
BRDA:20,16,5,6
BRDA:26,17,0,6
BRDA:26,17,1,0
BRDA:26,18,0,6
BRDA:26,18,1,6
BRDA:26,18,2,0
BRDA:26,19,0,6
BRDA:26,19,1,0
BRDA:27,20,0,0
BRDA:27,20,1,0
BRDA:27,21,0,0
BRDA:27,21,1,0
BRDA:27,21,2,0
BRDA:27,21,3,0
BRDA:28,22,0,0
BRDA:28,22,1,0
BRDA:28,23,0,0
BRDA:28,23,1,0
BRDA:29,24,0,0
BRDA:29,24,1,0
BRDA:29,25,0,0
BRDA:29,25,1,0
BRDA:30,26,0,0
BRDA:30,26,1,0
BRDA:35,27,0,6
BRDA:35,27,1,0
BRDA:35,28,0,0
BRDA:35,28,1,0
BRDA:38,29,0,1
BRDA:38,29,1,1
BRDA:38,29,2,1
BRDA:39,30,0,2
BRDA:39,30,1,0
BRDA:39,31,0,2
BRDA:39,31,1,2
BRDA:53,32,0,1
BRDA:53,32,1,0
BRDA:53,32,2,0
BRDA:69,33,0,5
BRDA:69,33,1,5
BRF:80
BRH:37
end_of_record
TN:
SF:dist/src/services/CreateTransactionService.js
FN:3,(anonymous_0)
FN:4,adopt
FN:4,(anonymous_2)
FN:5,(anonymous_3)
FN:6,fulfilled
FN:7,rejected
FN:8,step
FN:12,(anonymous_7)
FN:13,(anonymous_8)
FN:14,(anonymous_9)
FN:15,verb
FN:15,(anonymous_11)
FN:16,step
FN:39,(anonymous_13)
FN:46,(anonymous_14)
FN:47,CreateTransactionService
FN:49,(anonymous_16)
FN:51,(anonymous_17)
FN:53,(anonymous_18)
FNF:19
FNH:12
FNDA:5,(anonymous_0)
FNDA:0,adopt
FNDA:0,(anonymous_2)
FNDA:5,(anonymous_3)
FNDA:0,fulfilled
FNDA:0,rejected
FNDA:0,step
FNDA:5,(anonymous_7)
FNDA:0,(anonymous_8)
FNDA:0,(anonymous_9)
FNDA:15,verb
FNDA:5,(anonymous_11)
FNDA:5,step
FNDA:2,(anonymous_13)
FNDA:1,(anonymous_14)
FNDA:5,CreateTransactionService
FNDA:5,(anonymous_16)
FNDA:5,(anonymous_17)
FNDA:5,(anonymous_18)
DA:3,1
DA:4,0
DA:5,5
DA:6,0
DA:7,0
DA:8,0
DA:9,5
DA:12,1
DA:13,5
DA:14,5
DA:15,15
DA:17,5
DA:18,10
DA:19,10
DA:20,10
DA:21,10
DA:22,5
DA:23,0
DA:24,0
DA:25,0
DA:27,5
DA:28,0
DA:29,0
DA:30,0
DA:31,0
DA:32,0
DA:34,5
DA:35,10
DA:36,5
DA:39,1
DA:40,2
DA:42,1
DA:43,1
DA:44,1
DA:45,1
DA:46,1
DA:49,1
DA:50,5
DA:51,5
DA:53,5
DA:54,5
DA:56,5
DA:57,0
DA:58,0
DA:64,0
DA:65,0
DA:66,0
DA:69,0
DA:71,0
DA:72,0
DA:74,0
DA:80,0
DA:82,0
DA:83,0
DA:88,1
DA:90,1
LF:56
LH:32
BRDA:3,0,0,1
BRDA:3,0,1,1
BRDA:3,0,2,1
BRDA:4,1,0,0
BRDA:4,1,1,0
BRDA:5,2,0,5
BRDA:5,2,1,5
BRDA:8,3,0,0
BRDA:8,3,1,0
BRDA:9,4,0,5
BRDA:9,4,1,5
BRDA:12,5,0,1
BRDA:12,5,1,1
BRDA:12,5,2,1
BRDA:13,6,0,0
BRDA:13,6,1,0
BRDA:14,7,0,5
BRDA:14,7,1,5
BRDA:17,8,0,0
BRDA:17,8,1,5
BRDA:19,9,0,0
BRDA:19,9,1,10
BRDA:19,10,0,10
BRDA:19,10,1,0
BRDA:19,10,2,0
BRDA:19,11,0,0
BRDA:19,11,1,0
BRDA:19,12,0,0
BRDA:19,12,1,0
BRDA:19,13,0,0
BRDA:19,13,1,0
BRDA:19,14,0,0
BRDA:19,14,1,0
BRDA:20,15,0,0
BRDA:20,15,1,10
BRDA:21,16,0,5
BRDA:21,16,1,5
BRDA:21,16,2,0
BRDA:21,16,3,0
BRDA:21,16,4,0
BRDA:21,16,5,5
BRDA:27,17,0,5
BRDA:27,17,1,0
BRDA:27,18,0,5
BRDA:27,18,1,5
BRDA:27,18,2,0
BRDA:27,19,0,5
BRDA:27,19,1,0
BRDA:28,20,0,0
BRDA:28,20,1,0
BRDA:28,21,0,0
BRDA:28,21,1,0
BRDA:28,21,2,0
BRDA:28,21,3,0
BRDA:29,22,0,0
BRDA:29,22,1,0
BRDA:29,23,0,0
BRDA:29,23,1,0
BRDA:30,24,0,0
BRDA:30,24,1,0
BRDA:30,25,0,0
BRDA:30,25,1,0
BRDA:31,26,0,0
BRDA:31,26,1,0
BRDA:36,27,0,5
BRDA:36,27,1,0
BRDA:36,28,0,0
BRDA:36,28,1,0
BRDA:39,29,0,1
BRDA:39,29,1,1
BRDA:39,29,2,1
BRDA:40,30,0,2
BRDA:40,30,1,0
BRDA:40,31,0,2
BRDA:40,31,1,2
BRDA:54,32,0,5
BRDA:54,32,1,0
BRDA:54,32,2,0
BRDA:54,32,3,0
BRDA:54,32,4,0
BRDA:65,33,0,0
BRDA:65,33,1,0
BRF:82
BRH:31
end_of_record
TN:
SF:src/app.ts
FN:18,(anonymous_1)
FNF:1
FNH:1
FNDA:1,(anonymous_1)
DA:1,1
DA:2,1
DA:4,1
DA:5,1
DA:7,1
DA:8,1
DA:10,1
DA:12,1
DA:13,1
DA:15,1
DA:16,1
DA:18,1
DA:19,1
DA:20,0
DA:26,1
DA:28,1
DA:34,1
LF:17
LH:16
BRDA:19,0,0,0
BRDA:19,0,1,1
BRF:2
BRH:1
end_of_record
TN:
SF:src/database/index.ts
FN:3,(anonymous_13)
FNF:1
FNH:1
FNDA:2,(anonymous_13)
DA:1,1
DA:3,3
DA:4,2
DA:6,2
LF:4
LH:4
BRDA:3,0,0,1
BRDA:3,0,1,1
BRDA:4,1,0,2
BRDA:11,2,0,2
BRDA:11,2,1,0
BRF:5
BRH:4
end_of_record
TN:
SF:src/database/migrations/1598359216006-CreateTransactions.ts
FN:3,(anonymous_13)
FN:5,(anonymous_15)
FN:44,(anonymous_18)
FNF:3
FNH:2
FNDA:4,(anonymous_13)
FNDA:1,(anonymous_15)
FNDA:0,(anonymous_18)
DA:1,2
DA:3,2
DA:5,2
DA:6,2
DA:44,2
DA:45,0
DA:48,2
LF:7
LH:6
BRDA:6,0,0,1
BRDA:45,1,0,0
BRF:2
BRH:1
end_of_record
TN:
SF:src/database/migrations/1598359880813-CreateCategories.ts
FN:3,(anonymous_13)
FN:5,(anonymous_15)
FN:34,(anonymous_18)
FNF:3
FNH:2
FNDA:4,(anonymous_13)
FNDA:1,(anonymous_15)
FNDA:0,(anonymous_18)
DA:1,2
DA:3,2
DA:5,2
DA:6,2
DA:34,2
DA:35,0
DA:38,2
LF:7
LH:6
BRDA:6,0,0,1
BRDA:35,1,0,0
BRF:2
BRH:1
end_of_record
TN:
SF:src/database/migrations/1598361528372-AddCategoryIdToTransactions.ts
FN:3,(anonymous_13)
FN:5,(anonymous_15)
FN:26,(anonymous_18)
FNF:3
FNH:2
FNDA:4,(anonymous_13)
FNDA:1,(anonymous_15)
FNDA:0,(anonymous_18)
DA:1,2
DA:3,2
DA:5,2
DA:6,2
DA:13,2
DA:26,2
DA:27,0
DA:28,0
DA:31,2
LF:9
LH:7
BRDA:6,0,0,1
BRDA:27,1,0,0
BRF:2
BRH:1
end_of_record
TN:
SF:src/errors/AppError.ts
FN:1,(anonymous_0)
FN:6,AppError
FNF:2
FNH:1
FNDA:1,(anonymous_0)
FNDA:0,AppError
DA:1,1
DA:6,0
DA:7,0
DA:8,0
DA:10,1
DA:12,1
LF:6
LH:3
BRDA:6,0,0,0
BRDA:6,0,1,0
BRF:2
BRH:0
end_of_record
TN:
SF:src/models/Category.ts
FN:12,(anonymous_2)
FNF:1
FNH:1
FNDA:25,(anonymous_2)
DA:1,2
DA:12,2
DA:15,2
DA:18,2
DA:21,2
DA:24,2
DA:25,2
DA:27,2
LF:8
LH:8
BRF:0
BRH:0
end_of_record
TN:
SF:src/models/Transaction.ts
FN:5,(anonymous_3)
FN:18,(anonymous_5)
FNF:2
FNH:2
FNDA:22,(anonymous_3)
FNDA:4,(anonymous_5)
DA:1,2
DA:2,2
DA:5,2
DA:7,2
DA:10,2
DA:13,2
DA:16,2
DA:18,4
DA:20,2
DA:23,2
DA:26,2
DA:29,2
DA:30,2
DA:32,2
LF:14
LH:14
BRF:0
BRH:0
end_of_record
TN:
SF:src/repositories/TransactionsRepository.ts
FN:12,(anonymous_21)
FN:13,(anonymous_23)
FN:16,(anonymous_26)
FNF:3
FNH:3
FNDA:11,(anonymous_21)
FNDA:1,(anonymous_23)
FNDA:3,(anonymous_26)
DA:1,1
DA:3,1
DA:12,1
DA:13,1
DA:14,1
DA:16,1
DA:18,3
DA:20,2
DA:21,2
DA:23,1
DA:24,1
DA:26,0
DA:29,3
DA:37,1
DA:39,1
DA:41,1
DA:43,1
LF:17
LH:16
BRDA:14,0,0,1
BRDA:19,1,0,2
BRDA:19,1,1,1
BRDA:19,1,2,0
BRF:4
BRH:3
end_of_record
TN:
SF:src/routes/index.ts
FNF:0
FNH:0
DA:1,1
DA:3,1
DA:5,1
DA:7,1
DA:9,1
LF:5
LH:5
BRF:0
BRH:0
end_of_record
TN:
SF:src/routes/transactions.routes.ts
FN:11,(anonymous_14)
FN:11,(anonymous_15)
FN:22,(anonymous_17)
FN:22,(anonymous_18)
FN:37,(anonymous_20)
FN:37,(anonymous_21)
FN:41,(anonymous_23)
FN:41,(anonymous_24)
FNF:8
FNH:8
FNDA:1,(anonymous_14)
FNDA:1,(anonymous_15)
FNDA:9,(anonymous_17)
FNDA:9,(anonymous_18)
FNDA:1,(anonymous_20)
FNDA:1,(anonymous_21)
FNDA:1,(anonymous_23)
FNDA:1,(anonymous_24)
DA:1,1
DA:2,1
DA:3,1
DA:4,1
DA:9,1
DA:11,1
DA:12,1
DA:14,1
DA:16,1
DA:18,1
DA:22,9
DA:23,9
DA:25,9
DA:27,9
DA:34,8
DA:37,1
DA:41,1
DA:45,1
LF:18
LH:18
BRF:0
BRH:0
end_of_record
TN:
SF:src/services/CreateTransactionService.ts
FN:14,(anonymous_14)
FN:15,(anonymous_16)
FNF:2
FNH:2
FNDA:10,(anonymous_14)
FNDA:9,(anonymous_16)
DA:3,1
DA:5,1
DA:6,1
DA:14,1
DA:15,9
DA:16,9
DA:18,9
DA:20,9
DA:26,11
DA:27,7
DA:31,14
DA:34,9
DA:41,18
DA:43,8
DA:46,1
DA:48,1
LF:16
LH:16
BRDA:26,0,0,2
BRDA:26,0,1,7
BRF:2
BRH:2
end_of_record
